-0.9995605648775849
-0.9995605648775849
-0.9995605648775849
-0.9995605648775849
-0.9995605648775849
-0.9995605648775849
-0.9994157193534039
-0.9996938999581064
-0.9994593378903391
-0.9995605648775849
-0.9995605648775849
-0.9996329541400448
-0.9995605648775849
-0.9995605648775849
-0.9997713180767138
-0.9995605648775849
-0.9995188799158785
-0.9995605648775849
-0.9995605648775849
-0.9995605648775849
-0.9995605648775849
-0.9995605648775849
-0.9996485067707872
-0.9996672545884517
-0.9995605648775849
-0.9995605648775849
-0.9992275741386396
-1.0000015230737733
-1.0000015230737733
-0.9995605648775849
-0.9994327575698931
-0.9997701139817123
-0.9995605648775849
-0.9995605648775849
-0.9995605648775849
-0.9995605648775849
-0.9995605648775849
-0.9999549178301694
-0.9995605648775849
-0.9996240777337007
-0.9996753484327434
-0.9996621720934988
-1.0000392099834143
-0.9996406217050082
-0.9997234056993327
-0.9997234056993327
-0.9996506634062121
-0.9997034969509708
-0.9997685974915433
-0.9995605648775849
-0.9996394470122367
-0.9997174207843389
-0.9995605648775849
-0.9995605648775849
-0.9997815744030212
-0.999725631435735
-0.9995605648775849
-0.9996945577135139
-0.9995605648775849
-0.9995605648775849
-0.9995605648775849
-0.9995605648775849
-0.9995605648775849
-0.9996713569483453
-0.9991705672215967
-0.9995605648775849
-0.9995605648775849
-0.9996672606960231
-0.9995605648775849
-0.9992697717033248
-0.9994759816795997
-0.9995480134381487
-0.9989660498527129
-0.9997216019250312
-0.9995713439661897
-0.9997265918856892
-0.9995605648775849
-0.9997621751265569
-0.9996986155896432
-0.9995605648775849
-0.9995605648775849
-0.9995605648775849
-0.9997131480744126
-0.9995605648775849
-0.9996505367962452
-0.9996021181931325
-0.9996400744663769
-0.9996851725286837
-0.9995605648775849
-0.9996733431678293
-0.9995605648775849
-0.9997200276714131
-0.9998714980703531
-0.9995605648775849
-0.9995605648775849
-0.9995605648775849
-0.9996051252962217
-0.9994380915689045
-0.9996841117055228
-0.9995605648775849
-0.9997333715782264
-0.9997399103545663
-0.9996373577758386
-0.999633549062064
-0.9995605648775849
-0.9996746101424878
-0.9995605648775849
-0.9993819136117952
-0.9996560088306654
-0.9995605648775849
-0.9995605648775849
-0.9996870231588058
-0.9995605648775849
-0.9998764844386172
-0.9995421528467445
-0.9998571039698976
-0.9995605648775849
-0.9995605648775849
-0.9996566025018541
-0.99932938168963
-0.9997187800396037
-0.9995605648775849
-0.9995605648775849
-0.9995605648775849
-0.999612105837064
-0.9995346785299257
-0.9995605648775849
-0.9995605648775849
-0.999604059518258
-0.9996410154834616
-0.9997311214782765
-0.9995605648775849
-0.9996819651640911
-0.9997058644599384
-0.999686895189988
-0.9995605648775849
-0.9995605648775849
-0.9995605648775849
-0.9996628564559233
-0.9996627147028323
-0.9997507575815905
-0.9997347871024309
-0.9997394961934751
-0.9995605648775849
-0.9997355475494021
-0.9995605648775849
-0.9997203799569436
-0.9995605648775849
-0.9996915255205052
-0.9996703997297476
-0.998854045091567
-0.9998571039698976
-0.9995605648775849
-0.9996096078064496
-0.9996470778569857
-0.9997375488664235
-0.99932938168963
-0.9997375488664235
-0.9995575442335976
-0.9997328357300854
-0.9996306116211708
-0.9996497874649726
-0.9996872986062093
-0.9996746743167146
-0.9997072263587508
-0.9996957578396777
-0.9996197099779383
-0.9995255998887216
-0.999676783388439
-0.9995605648775849
-0.9995605648775849
-0.9995605648775849
-0.9996134581483402
-0.9996600831973885
-0.9995975446228669
-0.9996891789389362
-0.9996897592293119
-0.9997098415356738
-0.9997149233872622
-0.9997246317294652
-0.9997399615085061
-0.9996771075832718
-0.9990030491267805
-0.9995605648775849
-0.9997445260120013
-0.99968510174407
-0.9995605648775849
-0.9996523661411074
-0.9999066081457317
-0.9995605648775849
-0.9991689697837152
-0.9997175995157188
-0.9995605648775849
-0.9996874385325927
-0.9997348278900975
-0.9995605648775849
-0.9996119474299419
-0.9996070068719649
-0.9995061845702256
-0.9995605648775849
-0.9995605648775849
-0.9995605648775849
-0.9996825859432135
-0.9996217963764287
-0.999675328119467
-0.9997265346824888
-0.9996694629086202
-0.9997250564621818
-0.9996696804771505
-0.9995702565100166
-0.9995605648775849
-0.9995605648775849
-0.9997074882147987
-0.9998568940760051
-0.9997485497361231
-0.9997168365539202
-0.9995670143485191
-0.9996710732982037
-0.9995605648775849
-0.9997625524024758
-0.9995605648775849
-0.9994602671957664
-0.9996876589367694
-0.9995605648775849
-0.9995605648775849
-0.9996128558632242
-0.9996727206339027
-0.999686146820538
-0.9995605648775849
-0.9995605648775849
-0.9996713837664823
-0.9996590553393712
-0.999670527321578
-0.9996196767714731
-0.9996122411518811
-0.9996897509305422
-0.9996694113636972
-0.9995605648775849
-0.9996582427576057
-0.999620721077418
-0.9996082838516283
-0.999743956870462
-0.9995763761101215
-0.9995605648775849
-0.9996629155858794
-0.9997124166548068
-0.9996471026148508
-0.9997073351737096
-0.9995605648775849
-0.9995054506675696
-0.9995605648775849
-0.9994954494259658
-0.999719466963064
-0.9995605648775849
-0.99934875626762
-0.9995605648775849
-0.9986303488170303
-0.99932938168963
-0.9995605648775849
-0.9996772649350212
-0.9996170714538706
-0.9996277500617761
-0.9994269641039515
-0.9995250958876354
-0.9997236124148556
-0.9996808277289726
-0.9995605648775849
-0.9996622230900445
-0.9996259344618177
-0.9997146550727218
-0.9996518538970878
-0.9995849251664004
-0.9996051511320885
-0.9997517251050829
-0.9995605648775849
-0.9995472739615621
-0.9998331392466393
-0.9995605648775849
-0.999758174154262
-0.9995188799158785
-0.9997211998431239
-0.9997691674622842
-0.9995605648775849
-0.9998554246433691
-0.9997530474327525
-0.999591922254838
-0.9996819389694411
-0.9997472832968071
-0.9995017363319945
-0.9995605648775849
-0.9996775234259831
-0.9995597613404992
-0.9995605648775849
-0.9997550628732834
-0.9996500658647434
-0.9995605648775849
-0.9995970632406723
-0.9997201347017515
-0.997482012925166
-0.9995605648775849
-0.9994897173132968
-0.9996431318326322
-0.9995605648775849
-0.9995605648775849
-0.9995605648775849
-0.9995605648775849
-0.9996917732789128
-0.9995605648775849
-0.9996537194806456
-0.9997258408925265
-0.9995605648775849
-0.9995605648775849
-0.9995605648775849
-0.9996434631160986
-0.9996709278220961
-0.9997184202690028
-0.9996722627462566
-0.9984943048716093
-0.9996132631085248
-0.997482012925166
-0.9997257714342704
-0.9996728215005937
-0.9997041427694948
-0.9996794463090768
-0.9995605648775849
-0.9997032745677887
-0.9996872375686734
-0.9996355680200977
-0.9995833299053554
-0.9995605648775849
-0.9995605648775849
-0.999610829645023
-0.9995605648775849
-0.9996870314067556
-0.9995605648775849
-0.9996668153531796
-0.9996401262608834
-0.9996712302634037
-0.9996830457203472
-0.999670410134049
-0.9996182947287742
-0.9996436063299856
-0.9996231468276515
-0.99932938168963
-0.9997262069186568
-0.9996781628102087
-0.9995605648775849
-0.9996650543575067
-0.99932938168963
-0.9995605648775849
-0.9996608792297912
-0.9995389133056611
-0.9996961920534235
-0.9997183883599692
-0.9995504592859006
-0.9997335451268721
-0.9996855459002254
-0.9995605648775849
-0.9995667418719019
-0.9996889767875081
-0.9995605648775849
-0.9997258288566093
-0.9996575024738976
-0.9997806652218553
-0.9995932299922319
-0.9995656834982714
-0.999633538341191
-0.9996342254609778
-0.9991587932291934
-0.9995605648775849
-0.9997077180751819
-0.9996975981438232
-0.999656653079485
-0.9995605648775849
-0.9995605648775849
-0.9997146769054122
-0.9995605648775849
-0.9995605648775849
-0.9995605648775849
-0.9995605648775849
-0.9995605648775849
-0.9996383628379113
-0.9997397528734235
-0.9995605648775849
-0.9996798903964375
-0.9994826340504477
-0.9995605648775849
-0.9997203558225212
-0.9995605648775849
-0.9994899980468364
-0.9995605648775849
-0.9995605648775849
-0.9995605648775849
-0.9998209218182104
-0.997482012925166
-0.9995164847461111
-0.999552959965333
-0.9995605648775849
-0.9997114807526688
-0.9995605648775849
