-0.997845495149401
-0.997845495149401
-0.997845495149401
-0.997845495149401
-0.997845495149401
-0.997845495149401
-0.9990403555323676
-0.9982961195243251
-0.9983893620471479
-0.997845495149401
-0.997845495149401
-0.9989345822073071
-0.997845495149401
-0.997845495149401
-0.998505163250656
-0.997845495149401
-0.9995231839555002
-0.997845495149401
-0.997845495149401
-0.997845495149401
-0.997845495149401
-0.997845495149401
-0.9982870231591191
-0.9983717511372815
-0.997845495149401
-0.997845495149401
-0.9987850632393395
-0.9991203242814463
-0.9991203242814463
-0.997845495149401
-0.9997860719497839
-0.9986063789398886
-0.997845495149401
-0.997845495149401
-0.997845495149401
-0.997845495149401
-0.997845495149401
-0.9987564292146379
-0.997845495149401
-0.9985532532263198
-0.9980902293344732
-0.9982826111041435
-0.9989005098223634
-0.9981351665058474
-0.9995177904627847
-0.9995177904627847
-0.9985718710762838
-0.9985962582783104
-0.9981551032988
-0.997845495149401
-0.9981353359788591
-0.9985438454057777
-0.997845495149401
-0.997845495149401
-0.9993033134546986
-0.9981647587415227
-0.997845495149401
-0.9980250016811679
-0.997845495149401
-0.997845495149401
-0.997845495149401
-0.997845495149401
-0.997845495149401
-0.9984622809642728
-0.9993306366402847
-0.997845495149401
-0.997845495149401
-0.9984229534511814
-0.997845495149401
-0.9991184821509981
-0.9985635670262797
-0.9982286576384004
-0.9989126558711755
-0.9989401675561004
-0.9984981182538425
-0.9981574703042538
-0.997845495149401
-0.9981805312690432
-0.9984127085305167
-0.997845495149401
-0.997845495149401
-0.997845495149401
-0.9983064121209276
-0.997845495149401
-0.9981620542585509
-0.9983274358630988
-0.9981129825122826
-0.9983961138049212
-0.997845495149401
-0.9981629310866081
-0.997845495149401
-0.9984288478164706
-0.9984543319532891
-0.997845495149401
-0.997845495149401
-0.997845495149401
-0.9988043705702309
-0.9988041123132257
-0.9987354389160933
-0.997845495149401
-0.9983261913404716
-0.9983035682603051
-0.9984434345338388
-0.998993821563476
-0.997845495149401
-0.9987021858780883
-0.997845495149401
-0.9992448911289055
-0.9988426483427221
-0.997845495149401
-0.997845495149401
-0.9982507436791727
-0.997845495149401
-0.9985567208737637
-0.9988860211864529
-0.9998440903435691
-0.997845495149401
-0.997845495149401
-0.998258702231937
-0.9998142626934238
-0.9984528051915783
-0.997845495149401
-0.997845495149401
-0.997845495149401
-0.9987662136413361
-0.998697030513816
-0.997845495149401
-0.997845495149401
-0.9984046417360629
-0.9982263840632607
-0.9981155831578322
-0.997845495149401
-0.9982495049892718
-0.998157184187067
-0.998070243700664
-0.997845495149401
-0.997845495149401
-0.997845495149401
-0.9980642732781059
-0.9981559479814207
-0.9982914675916886
-0.9982930079827442
-0.9983209599271406
-0.997845495149401
-0.9981732127725481
-0.997845495149401
-0.9983227859472953
-0.997845495149401
-0.9992577224800533
-0.9982619479523814
-0.9994311647008379
-0.9998440903435691
-0.997845495149401
-0.9982336835253763
-0.9981123474519281
-0.9981898549288412
-0.9998142626934238
-0.9981898549288412
-0.9994585374372177
-0.9982545125410939
-0.9980487724550754
-0.9984185566530132
-0.9980976326947358
-0.9982384460586525
-0.9981720897050922
-0.9981279578237855
-0.9983066141216247
-0.9995193495053775
-0.9981541254484215
-0.997845495149401
-0.997845495149401
-0.997845495149401
-0.9982182805640841
-0.998340508837274
-0.998360680444153
-0.998094603609586
-0.9984821221546684
-0.998315078413882
-0.9980894648287238
-0.9986603729261555
-0.9983435004114624
-0.9984494401909713
-0.9995615250311266
-0.997845495149401
-0.9983721233249471
-0.9981500694937507
-0.997845495149401
-0.9987078064693643
-0.9986228191443006
-0.997845495149401
-0.9991496387338957
-0.9982720491940521
-0.997845495149401
-0.9981465666513808
-0.9985192295180761
-0.997845495149401
-0.9989736186789108
-0.9985011215222711
-0.9984816200045034
-0.997845495149401
-0.997845495149401
-0.997845495149401
-0.9986247139829404
-0.9983296244564445
-0.9984229458640096
-0.9984544745833391
-0.9981874580586295
-0.9981313169536327
-0.9984023656587114
-0.9991458578867102
-0.997845495149401
-0.997845495149401
-0.9982170846794484
-0.9983109835369272
-0.9983188652536784
-0.9984091690003384
-0.9988742555024294
-0.9982957712628592
-0.997845495149401
-0.9982053622151638
-0.997845495149401
-0.9994822103650188
-0.9989729990584421
-0.997845495149401
-0.997845495149401
-0.9982638223876302
-0.9982123424933841
-0.9986388143826238
-0.997845495149401
-0.997845495149401
-0.9982412019959371
-0.9983261688101509
-0.9981349227937871
-0.998342353458011
-0.9989739124007363
-0.9980559887354593
-0.9980974007200457
-0.997845495149401
-0.9980336539122862
-0.9983124693763111
-0.9982968873927179
-0.9980961982067745
-0.9979851155398182
-0.997845495149401
-0.9982638427933269
-0.998412155878239
-0.9981850789759742
-0.9981306221608689
-0.997845495149401
-0.9987061586485867
-0.997845495149401
-0.9992987695393071
-0.9981780998322455
-0.997845495149401
-0.9992552061082277
-0.997845495149401
-0.9994502309066539
-0.9998142626934238
-0.997845495149401
-0.9982569288956841
-0.9982603575299708
-0.9984624812680357
-0.9995912791215039
-0.9986475939514007
-0.9983314411907914
-0.9980968650598451
-0.997845495149401
-0.9984909524018383
-0.9988958980198804
-0.9982050856247101
-0.9985291741949253
-0.9984410271428624
-0.9985296965152776
-0.998451291831613
-0.997845495149401
-0.9987304577163952
-0.9983989881040275
-0.997845495149401
-0.9982852581277518
-0.9995231839555002
-0.9985636961832155
-0.9991321328832475
-0.997845495149401
-0.998640994891297
-0.9982657032183463
-0.9983484428524877
-0.9981945516150136
-0.9982810062553776
-0.9989320574295301
-0.997845495149401
-0.9991290494511317
-0.9985070066443923
-0.997845495149401
-0.9983436018303836
-0.9981938266084095
-0.997845495149401
-0.9982192775102418
-0.9985650012669401
-1.000004390386675
-0.997845495149401
-0.9991427074884248
-0.9993873363016738
-0.997845495149401
-0.997845495149401
-0.997845495149401
-0.997845495149401
-0.9981466616133018
-0.997845495149401
-0.9982659573359337
-0.9984421176107207
-0.997845495149401
-0.997845495149401
-0.997845495149401
-0.9986556011983106
-0.9982995008916392
-0.9981316045493772
-0.9982692185451066
-0.9997576541989949
-0.9986944668388477
-1.000004390386675
-0.9985101388151568
-0.9987091004324148
-0.9982076816732844
-0.9980516909215128
-0.997845495149401
-0.9980847941234684
-0.9983010724157554
-0.998183294204822
-0.9989496982941747
-0.997845495149401
-0.997845495149401
-0.9985073195071982
-0.997845495149401
-0.9983358144162017
-0.997845495149401
-0.9981287431230564
-0.9981285204470188
-0.9981241412093281
-0.998134289364924
-0.9980707087125099
-0.998219282539918
-0.9981722757174835
-0.998335069771756
-0.9998142626934238
-0.9982675477964188
-0.9982492804803021
-0.997845495149401
-0.9981840357404229
-0.9998142626934238
-0.997845495149401
-0.9982850678139054
-0.9986389036772328
-0.9982372161492036
-0.9982306229326247
-0.9989925915004131
-0.9981792041561258
-0.9983129057052272
-0.997845495149401
-0.9988581664106478
-0.9981546118558763
-0.997845495149401
-0.9981843959553564
-0.9981371566296146
-0.9981683638316886
-0.9984928487928239
-0.9994605771089665
-0.9981763393929933
-0.9987793904607406
-0.999587496603724
-0.997845495149401
-0.9987269810565605
-0.9994228809044264
-0.9984301056907606
-0.997845495149401
-0.997845495149401
-0.9983447727449933
-0.997845495149401
-0.997845495149401
-0.997845495149401
-0.997845495149401
-0.997845495149401
-0.99835539664659
-0.9983620897562103
-0.997845495149401
-0.9983576846785619
-0.9994869380900694
-0.997845495149401
-0.9986938053268931
-0.997845495149401
-0.9995293406340237
-0.997845495149401
-0.997845495149401
-0.997845495149401
-0.998515874008208
-1.000004390386675
-0.9989468058436467
-0.9993635374522191
-0.997845495149401
-0.9981337672354981
-0.997845495149401
