-0.9998664475517107
-0.9998664475517107
-0.9998664475517107
-0.9998664475517107
-0.9998664475517107
-0.9998664475517107
-0.9995384460442964
-0.9996528285862802
-0.9997681506716103
-0.9998664475517107
-0.9998664475517107
-0.9993451183320681
-0.9998664475517107
-0.9998664475517107
-0.9994793599084688
-0.9998664475517107
-0.9995614215889081
-0.9998664475517107
-0.9998664475517107
-0.9998664475517107
-0.9998664475517107
-0.9998664475517107
-0.9996705672153738
-0.9996758999115145
-0.9998664475517107
-0.9998664475517107
-0.9997095806287306
-0.9999167794450412
-0.9999167794450412
-0.9998664475517107
-0.9985048564141565
-0.9995783779091512
-0.9998664475517107
-0.9998664475517107
-0.9998664475517107
-0.9998664475517107
-0.9998664475517107
-0.9996587409198399
-0.9998664475517107
-0.9996259148305904
-0.9997671008986804
-0.9997743994537136
-0.9995053360132684
-0.9997910400949714
-0.999267088863395
-0.999267088863395
-0.9996501838861129
-0.9997123205560858
-0.9998313750351167
-0.9998664475517107
-0.9998076452627829
-0.9996859494780055
-0.9998664475517107
-0.9998664475517107
-0.9993145507565626
-0.9997193704886507
-0.9998664475517107
-0.9997547305888532
-0.9998664475517107
-0.9998664475517107
-0.9998664475517107
-0.9998664475517107
-0.9998664475517107
-0.9996265477390947
-0.999608412260081
-0.9998664475517107
-0.9998664475517107
-0.9996876327327411
-0.9998664475517107
-0.9995369242063661
-0.9997295914042419
-0.9994979489414733
-0.9998031457765486
-0.9996371018068353
-0.9995734191402037
-0.9996286617431598
-0.9998664475517107
-0.9997145317071703
-0.9997188257783489
-0.9998664475517107
-0.9998664475517107
-0.9998664475517107
-0.9997079226221754
-0.9998664475517107
-0.999819529849939
-0.9997199767405438
-0.999835977477487
-0.9997165906762366
-0.9998664475517107
-0.9996983900569743
-0.9998664475517107
-0.9996985748814056
-0.9997084484324348
-0.9998664475517107
-0.9998664475517107
-0.9998664475517107
-0.9997233927820379
-0.9995736103327872
-0.9995617439928108
-0.9998664475517107
-0.9997646240288671
-0.9997088255879292
-0.9996361852151563
-0.9990566010695088
-0.9998664475517107
-0.9996851508270592
-0.9998664475517107
-0.9995294133866683
-0.9996450256302372
-0.9998664475517107
-0.9998664475517107
-0.9996588522051302
-0.9998664475517107
-0.9995701239506052
-0.999615313043416
-0.9992053141647799
-0.9998664475517107
-0.9998664475517107
-0.9996702753662636
-0.998086423921301
-0.9996501787501804
-0.9998664475517107
-0.9998664475517107
-0.9998664475517107
-0.9994692983746725
-0.9996687493783516
-0.9998664475517107
-0.9998664475517107
-0.999684378323725
-0.9997237728904627
-0.9996848676509775
-0.9998664475517107
-0.9997512824257524
-0.9997565631799863
-0.9997295543158438
-0.9998664475517107
-0.9998664475517107
-0.9998664475517107
-0.9997319657740911
-0.9997883169321473
-0.9996432100248449
-0.9996472288439748
-0.9995555032162167
-0.9998664475517107
-0.9997155449239234
-0.9998664475517107
-0.9996987003835476
-0.9998664475517107
-0.9992723832653998
-0.999687941523709
-0.9997156511012908
-0.9992053141647799
-0.9998664475517107
-0.9997037540514033
-0.9996607033725167
-0.9996555678365273
-0.998086423921301
-0.9996555678365273
-0.9992885650476215
-0.999626961487087
-0.9997992975110948
-0.999665373914095
-0.9997333487476241
-0.9996983246375089
-0.999705559454187
-0.9997304328108059
-0.9997071461784182
-0.9993335979625901
-0.999752888632282
-0.9998664475517107
-0.9998664475517107
-0.9998664475517107
-0.9997098486712628
-0.9997188914731887
-0.9997206243168422
-0.9997384481400915
-0.9996502209032703
-0.9996223063709899
-0.9996146149685665
-0.9995609426514371
-0.9997129283927184
-0.9997266060680041
-0.9988332533677924
-0.9998664475517107
-0.9997001283596245
-0.9997265596617102
-0.9998664475517107
-0.9994485553187755
-0.9999520887323965
-0.9998664475517107
-0.9996504463796598
-0.9997238910576809
-0.9998664475517107
-0.9997370222767779
-0.9996910618529253
-0.9998664475517107
-0.9996067071960106
-0.9996342785628287
-0.9996647434454453
-0.9998664475517107
-0.9998664475517107
-0.9998664475517107
-0.9996838725803276
-0.9996665936587683
-0.9996308599238461
-0.9995778642337467
-0.999814318835885
-0.9997414470847912
-0.9997697749860177
-0.9992179117462201
-0.9998664475517107
-0.9998664475517107
-0.999736215093677
-0.9996474765753907
-0.9996576124644112
-0.9996769801936751
-0.9996033934268724
-0.9997559523160402
-0.9998664475517107
-0.9996648261058945
-0.9998664475517107
-0.9991926076850715
-0.9995951142049884
-0.9998664475517107
-0.9998664475517107
-0.9997072774506042
-0.9997107772213512
-0.9997377939210073
-0.9998664475517107
-0.9998664475517107
-0.9997366705708619
-0.9998049185347413
-0.9997265993990507
-0.9997521888912435
-0.9996244323853909
-0.9997278559862068
-0.9997651141439232
-0.9998664475517107
-0.9997875752346812
-0.9997231121178207
-0.9997249442973648
-0.9996898892288404
-0.9998292695167383
-0.9998664475517107
-0.9997530978084552
-0.9996252700335106
-0.9997183671328309
-0.9996056488063236
-0.9998664475517107
-0.9996281271029805
-0.9998664475517107
-0.9992430139568769
-0.999571560523457
-0.9998664475517107
-0.9993982719330643
-0.9998664475517107
-0.9997849313407081
-0.998086423921301
-0.9998664475517107
-0.9997494267500202
-0.9997248909608953
-0.9996238669660085
-0.9987337334025832
-0.9995409803033604
-0.9997029436597811
-0.9997343544292439
-0.9998664475517107
-0.9997706437900935
-0.9995698851292159
-0.9997219593042002
-0.9995845581606475
-0.9996200613710262
-0.9996592484576454
-0.9997269039205858
-0.9998664475517107
-0.9996535161013065
-0.9995912291971814
-0.9998664475517107
-0.9997068417894419
-0.9995614215889081
-0.9996766828975443
-0.999743378629605
-0.9998664475517107
-0.9996347371061671
-0.9996582665162532
-0.999806903635291
-0.9997087625459593
-0.9996785264757482
-0.9996352257362511
-0.9998664475517107
-0.9996291593976676
-0.999669020945396
-0.9998664475517107
-0.9996502802632556
-0.9997552439771114
-0.9998664475517107
-0.9997207208036252
-0.999512365632333
-0.9999241720390306
-0.9998664475517107
-0.9995879685794642
-0.9994644571712201
-0.9998664475517107
-0.9998664475517107
-0.9998664475517107
-0.9998664475517107
-0.9997311297476821
-0.9998664475517107
-0.9998353155540394
-0.9997083285762653
-0.9998664475517107
-0.9998664475517107
-0.9998664475517107
-0.9995560513870676
-0.9996810051190388
-0.9997533429035941
-0.9995728915838389
-0.999732421663929
-0.9997076029417564
-0.9999241720390306
-0.999616650777448
-0.9996469762130666
-0.9997036942790793
-0.9997324165301422
-0.9998664475517107
-0.9996804710914682
-0.9997159372800373
-0.9996961408093861
-0.9995318825744524
-0.9998664475517107
-0.9998664475517107
-0.9997936681759811
-0.9998664475517107
-0.9996918587969952
-0.9998664475517107
-0.9997960448707084
-0.9997942759950615
-0.9997757566742131
-0.9997421402824664
-0.9997685260834026
-0.9997513972196956
-0.9997401867741282
-0.9996635387763004
-0.998086423921301
-0.999716608625079
-0.9997942689429906
-0.9998664475517107
-0.9998051333346898
-0.998086423921301
-0.9998664475517107
-0.9996849482067902
-0.9996644427951709
-0.9996342807419141
-0.9996357263770759
-0.9995926379362978
-0.9997373168286274
-0.9997755200079959
-0.9998664475517107
-0.9996679836730213
-0.999678723701861
-0.9998664475517107
-0.9996628636905602
-0.9997479045322284
-0.9996563815800905
-0.9997928430626737
-0.9997091745133848
-0.9997505646553191
-0.999540815311994
-0.9991927139649595
-0.9998664475517107
-0.9996380947335859
-0.9994113177724366
-0.9996553761769094
-0.9998664475517107
-0.9998664475517107
-0.9997467639836413
-0.9998664475517107
-0.9998664475517107
-0.9998664475517107
-0.9998664475517107
-0.9998664475517107
-0.9997334866800061
-0.9996920787588839
-0.9998664475517107
-0.9996910581950975
-0.9995280675438285
-0.9998664475517107
-0.9996199627581146
-0.9998664475517107
-0.9995493648515112
-0.9998664475517107
-0.9998664475517107
-0.9998664475517107
-0.999592963432081
-0.9999241720390306
-0.9996499741503677
-0.9991423958968224
-0.9998664475517107
-0.999731108178255
-0.9998664475517107
