-0.8050298148585616
-0.7674633176418103
-0.44108394564993547
-0.7068115349019782
-0.5902327257835148
-0.5921262033157569
-0.6023732989647689
-0.5348362038970466
-0.39021494930282985
-0.572153308981631
-0.8445772740784173
-0.8629913364290965
-0.976468019245789
-0.4857267364873822
-0.9043919570453068
-0.6119105747563237
-0.4079747928109464
-0.49963670105126334
-0.5694648413913631
-0.6134901056860359
-0.78487429476568
-0.5749382894424832
-0.6019600963836597
-0.43982618501321313
-0.6693473933433521
-0.7092444268104726
-0.7769602430476054
-0.6613768579490825
-0.5132634451200401
-0.5962390544660904
-0.6622716230839364
-0.4319738811138579
-0.3930782943914414
-0.4301071709485699
-0.7192014656840934
-0.7315317370249689
-1.000822118080705
-0.749088860749246
-0.5732050167354922
-0.5153555836519524
-0.5213129185666711
-0.3242688669707968
-0.29878383931461394
-0.718103507868601
-0.5744968730075305
-0.7093495161639124
-0.44722078310606983
-0.23951046864254033
-0.6813659890496927
-0.5640031334304195
-0.6068964655581132
-0.4022473340812608
-0.4123396771801241
-0.19771371097334567
-0.7168772853651942
-0.5896883801074301
-0.5701023118894367
-0.5961358864279352
-0.8756418891208119
-0.7559301124679733
-0.46127239572296597
-0.6092674911439117
-0.6657468539097996
-0.7376823578071411
-0.552977202702784
-0.3923523500281737
-0.6161672517413995
-0.45306544656557557
-0.6013372752267893
-0.7377265627550175
-0.5715262196978917
-0.5622078206552027
-0.6177384976362473
-0.6259169063763673
-0.5697817238382109
-0.5754135759925093
-0.7409620018781519
-0.5699005950908423
-0.681244394719751
-0.9351470652226167
-0.9519190601053816
-0.9233417867130805
-0.7286632549555806
-0.49227785830189263
-0.49609155713046016
-0.5010896445675866
-0.6207095600400135
-0.5253520470351875
-0.2195071892842465
-0.504597211555262
-0.49536632989567175
-0.5829399619498913
-0.5113120209401595
-0.5610639088843102
-0.5386520984102313
-0.8029074651101554
-0.8615081520964901
-0.5651515318846
-0.6687436720926895
-0.5660654865363289
-0.6574818098060055
-0.7753774428018806
0.04800782571924478
-0.5472807015533169
-0.5472807015533169
-0.5516944869314434
-0.5472807015533169
-0.6518364518049532
-0.37025755469005384
-0.36013147779408905
-0.422325135404502
-0.6286051176119892
-0.9935199871092303
-0.5386648468798197
-0.7856948738134809
-0.6299221759401336
-0.7105987080253241
-0.6310902998565394
-0.366585609433668
0.11141366635795491
-0.47465150787848687
-0.5273917357526509
-0.6533464768029352
-0.6192164471780307
-0.4889407056539431
-0.5757716183866138
-0.6442866111349085
-0.7381034957405171
-0.8582170783326445
-0.8277286434395718
-0.8290108552466714
-0.8366567742437118
-0.39270497585456654
-0.796268053996385
-0.8452322293034319
-0.7919569323141017
-0.8677985232468716
-0.8432849739906606
-0.8223950178630884
-0.8291235957779749
-0.8103195732739289
-0.8854419369628607
-0.9963943765514761
-0.5695740723971022
-1.0000390532863643
-0.9890028413143698
-1.000145383542193
-1.001016657276217
-0.7413058623747139
-0.9697901599720667
-0.45842559033289676
-0.245340231403952
-0.3791170452660614
-0.5442111695496722
-0.8252403930828714
-0.549126954473015
-0.5184393332536116
-0.6189089089612357
-0.8431347117661007
-0.7033531014896125
-0.46468667864534063
-0.42642783098278814
-0.5802555578216418
-0.8514154635873593
-0.8250941502215573
-0.756096003353217
-0.625314473307648
-0.5159007963536174
-0.483634043784542
-0.988677201462861
-0.5453229382145176
-0.9132451388520403
-0.5044511090572777
-0.8127131411479359
-0.5069430814119892
-0.8421928675387468
-0.5911226198499028
-0.41193498780711246
-0.5390860150266453
-0.5250381403804875
-0.25740811397758934
-0.7319142046866863
-0.6764980353163205
-0.813599513702067
-0.586100535446746
-0.725240715966636
-0.6029432217506153
-0.6385355331956871
-0.43925542490492064
-0.33648399853800137
-0.6457766305226874
-0.5651172098447089
-0.6328716206458983
-0.5072181195611959
-0.8793315289908458
-0.47715068103341574
-0.5479141731482601
0.42968127901386544
-0.5472807015533169
-0.4978913035532203
-0.512121042728363
-0.5625838072813701
-0.46898803529328903
-0.5476370404783845
-0.6595770467836685
-0.4445840869433043
-0.587285352474788
-0.7090350066332926
0.2170121216013593
-0.6293394724639446
-0.38867301221072326
-0.6205900125367977
-0.6100062886700174
-0.7833992987389221
-0.7368473741737128
-0.463491498731034
-0.5938116108552881
-0.6236734196091168
-0.546124634752393
-0.6115443599246321
-0.5661383026139338
-0.666779220323661
-0.5550155906772675
-0.5472807015533169
-0.7528731319760519
-0.6822033917377256
-0.6298185928229229
-0.5985443724660401
-0.5930757960265604
-0.6635429325440215
-0.43875258113961146
-0.6054714990281939
-0.7659017860639187
-0.6109880898050507
-0.5312267225463726
-0.6394851779096319
-0.9492094740451348
-0.9983145844130851
-0.7378661679465223
-0.8864893580927132
-0.9836888328827639
-0.7400415366539347
-0.7349824742947367
-0.5021546532720963
-0.7909293183629073
-0.593316316416549
-0.5510870320294726
-0.5976781756779269
-0.5660171875292116
-0.5472807015533169
-0.5565870225757615
-0.8048611855901656
-0.7711515552018356
-0.5863121862110295
-0.9855392671479967
-0.591585027619549
-0.43681096230405403
-0.5650744448527222
-0.5556929427835934
-0.6088767565091574
-0.6447279857455394
-0.44591328189441215
-0.3632772664892444
-0.5438024335931727
-0.9999506253697769
-0.672794488087708
-0.9958985743040406
-0.5737801605101799
-0.7313134743810211
-0.48402080676294845
-0.5964118567110818
-0.5734575092309976
-0.5251658627645485
-0.6203744297935211
-0.7180386418043957
-0.7609451344656571
-0.6958112147092569
-0.5472807015533169
-0.6654340476349029
-0.5973048925201491
-0.47123854805646326
-0.39298850881783076
-0.6011684559542333
-0.5750767490084646
-0.512858115392642
-0.4729084622840686
-0.4297855823005209
-0.48873393908579865
-0.7963743313526231
-0.6312356235884392
-0.4742457004222759
-0.5487709995335533
-0.37293742335318336
-0.5472807015533169
-0.594819950088174
-0.49570771848355244
-0.5946678543318397
-0.6091688093844295
-0.6104925345292956
-0.9026733387151621
-0.3826522996069114
-0.9697238249841499
-0.38936623049727126
-0.5136621595799665
-0.477356146176397
-0.49355342918899703
-0.6134728290820165
-0.43835206740667176
-0.32622186169231016
-0.2688710050697901
-0.39298850881783076
-0.5839415920112904
-0.7366783311017938
-0.6066094760384407
-0.5970760033345742
-0.10061957780822206
-0.6303604872913547
-0.06489337468014378
-0.45072099163414003
-0.6178217657063326
-0.591480150132257
-0.6694799639256631
-0.6940046643479606
-0.5402266460738628
-0.610771683619013
-0.6007547622551511
-0.5195822638279027
-0.6162532879875732
-0.534414300016809
-0.9408287061533697
-0.692485095159307
-0.7618008965696793
-0.44178979060631407
-0.3884787312000556
-0.5670576904277466
-0.7182803604089697
-0.8204754721223532
-0.7075131756073384
-0.345165887249402
-0.5336801928693985
-0.6784242961495289
-0.4012505584856333
-0.4034146683065186
-0.5835393710713811
-0.5826155963625043
-0.6257511865158628
-0.5906797365413071
-0.5866850024001641
-0.5819721711992235
-0.40715648308078245
-0.6327432433684409
-0.4653928945734668
-0.7677926503801279
-0.6525845067475812
-0.6813721710350359
-0.6350854333404795
-0.6567308536190785
-0.5614099777119653
-0.8061531409092643
-0.5450234704661353
-0.5472807015533169
-0.5854363949921181
-0.6159530763363937
-0.6430755382445147
-0.5157206007214649
-0.5461152887072996
-0.47807456643807045
-0.6019329363714879
-0.5749492510245039
-0.5125050220741597
-0.564629294781532
-0.5609734169938706
-0.6221880592735131
-0.5936397255698557
-0.5899132490817992
-0.5399068501261878
-0.7005486465268399
-0.5472807015533169
-0.6066507978552854
-0.5732474716811525
-0.6613789933930997
-0.47227032787820755
-0.5783353723117391
-0.5472807015533169
-0.5648570289409361
-0.4233735372812676
-0.7588953856015687
-0.66901616597482
-0.5527515905926647
-0.6152384259194855
-0.545085886007992
-0.8347586234289869
-0.5803121388188929
-0.7280162069192476
-0.7316635139503797
-0.31012263345393565
-0.468501977588326
-0.6318003510140903
-0.4391736792853743
-0.6335496973566078
-0.8505856044442849
-0.46245693516576425
-0.5731194926713611
-0.5599004953907117
-0.5917847252069203
-0.6898183411625686
-0.8679000397374951
-0.6802820220204898
-0.5739465879601612
-0.3832867109583672
-0.6242451814725095
-0.5632909866214776
-0.6613023447966254
-0.38991191276693316
-0.4537698164012388
-0.8361613433744418
-0.23280847986460118
-0.5939831086298811
-0.5228763157546575
-0.5461874861072159
-0.6532768622623889
-0.49314095441651185
-0.5716193167022195
-0.552977202702784
-0.45201234609805796
-0.5758990681066484
-0.5567884736497616
-0.5714612787435497
-0.7088650640412352
-0.751878813079711
-0.8187942868223631
-0.7706239018743547
-0.7978509385743026
-0.70912453636164
-0.5271972296921964
-0.5994484300925146
-0.6603877287965799
-0.727098356689447
-0.5728733962222202
-0.7676466465439494
-0.6560973984832769
-0.7972598660230202
-0.5913408598852298
-0.4533399295810939
-0.6130914461935303
-0.8324317090065166
-0.7922840427241565
-0.5660351736068255
-0.615100746608037
-0.5662024561081166
-0.7619422809007842
-0.5974059561038375
-0.3571836420860114
-0.7089688386097966
-0.5472807015533169
-0.6472150770080946
-0.5695564823007254
-0.5519341489931614
-0.002436500026525734
-0.873887050022302
-0.6204586905326076
-0.6520202811648831
-0.6542097025249353
-0.46953534837416144
-0.5828332775690596
-0.8847670019094535
-0.6086265402543057
-0.6033750655782212
-0.8504738775636204
-0.7569788645328804
-0.607525365569454
-0.8355071945507783
-0.5604314231968471
-0.3800650217901905
-0.5797623085351885
-0.5742488089305796
-0.5080376009709328
-0.8206366226046965
-0.6016325706549205
-0.689239027853762
-0.6278618832016724
-0.8386956965751574
-0.39298850881783076
-0.4308955030565679
-0.5673086645511803
-0.7862587559215312
-0.6512883673485573
-0.7652220364454075
-0.7961296050019685
-0.6892220248001427
-0.8795244783263984
-0.7623200141440799
-0.5792187050000054
-0.42242910695882985
-0.6439401928732943
-0.7000739508479347
-0.6380313799985243
-0.047086614708170216
-0.7991875372525546
-0.5867356169058565
-0.4701068928918145
0.15808898817138284
-0.3810618547307717
-0.7609412172625868
-0.5320491192753009
-0.6437181720503217
-0.27852164102976873
-0.14865386701864602
-0.5203765218213524
-0.6085135486644985
-0.5527029495476826
-0.5465793828692375
-0.606993924230465
-0.7623042640135947
-0.4776304595701978
0.3648971329902514
-0.3691915767364561
-0.611781378150471
-0.43349043032170564
-0.5040771114528985
-0.459297598582196
-0.4446280017456802
-0.5346450863770892
-0.5849397921120664
-0.5472807015533169
-0.38075696331793674
-0.5472807015533169
-0.5472807015533169
-0.6170136680074018
-0.5834240346406728
-0.18777230234136633
-0.5770583566003905
-0.5766584780512355
-0.7110467016633594
-0.5829774997819163
-0.27427864220207476
-0.6254751873949788
-0.5472807015533169
-0.5667150572623919
-0.5574539444052403
-0.5125716755378841
-0.5312293310156141
-0.6270386922729857
-0.39298850881783076
-0.5827400928947698
-0.6496205395563622
-0.5472807015533169
-0.6413834954133074
-0.5915293222245482
-0.5551892838624765
-0.59312643220357
-0.5942820909704926
-0.5472807015533169
-0.5448964600092333
-0.441404923941627
-0.6883449124006494
-0.30227948395387594
-0.8064752168444519
-0.5884668494333768
-0.7976335035643446
-0.45692331406331144
-0.5522080589851116
-0.5690709298751896
-0.618614479023971
-0.5987359098170438
-0.42763744590774644
-0.38430308033739224
-0.42293872780840525
-0.6094630111590268
-0.581919847139614
-0.5566049496209965
-0.6103100918665904
-0.9491264234006026
-0.7012788376113933
-0.6201929556794544
-0.5414530871286066
-0.5544208195470469
-0.5472807015533169
-0.4416879474911143
-0.5495829997216534
0.11284654893145663
-0.47416299153841146
-0.5472807015533169
-0.7241427519047979
-0.6270066008181429
-0.5472807015533169
-0.5573477821324596
-0.4435676857938352
-0.6036735657848377
-0.725922159151199
-0.2832750117315447
-0.5827389334914569
-0.6082438903445778
-0.8018457751454905
-0.6563630367661725
-0.53156186770653
-0.6329971261401427
-0.4442582496189077
-0.33591437342419483
-0.3419602410360051
-0.3358268246326611
-0.7057834864224611
-0.8181887337953574
-0.4747071318924453
-0.7903403520343234
-0.6686171266371103
-0.5014540165452205
-0.7730875361605983
-0.5181428412963273
-0.908131646448671
-0.5102252613040322
-0.4872717385285815
-0.5840827264863359
-0.7835809599286024
-0.4807168167684436
-0.5720420182445854
-0.8261009175031327
-0.6693427805147122
-0.5418413455494372
-0.5838631190680909
-0.7469264324739159
-0.7430648594854302
-0.5636716996103827
-0.9384434736082822
-0.7193111857356177
-0.603217631753766
-0.6755175878497072
-0.3742014950512468
-0.41192467631829055
-0.6443234184808245
-0.4171488047938231
-0.6844251997493179
-0.6087994386546635
-0.601903521956879
-0.7386593422422484
-0.7453500548716766
-0.5022237085518663
-0.5782888461932222
-0.5823300473521437
-0.3258300923726901
-0.5890018951229296
-0.18556346691374814
-0.5912067841000906
-0.43689803431588403
-0.47379047220492276
-0.46337352870457005
-0.6221430272828238
-0.20786916025467173
-0.4379266208926852
-0.5232652900329983
-0.5965081689749988
-0.5936476362600457
-0.8045347743919548
-0.5121624707078668
-0.5473231141196665
-0.5283661348618706
-0.5061035484574509
-0.5568655249807607
-0.5667360487895378
-0.516584613752426
-0.6887942592307817
-0.5790538532439479
-0.5866552665881629
-0.603053549758838
-0.47440952936583736
-0.8413560767250926
-0.6325631855784509
-0.558652063849077
-0.6127741592841923
-0.6729992149031995
-0.5772625925438047
-0.5774653214349387
-0.4548193993281314
-0.32300083469728
-0.46775701524743896
-0.6152345430100746
-0.6661999403440214
-0.3509737365902653
-0.7561575002581614
-0.3965441842191838
-0.5603855560379477
-0.5050650583935988
-0.5893928180915763
-0.9284814311384414
-0.6692591040206762
-0.571903496597112
-0.7850742078359362
-0.7392006190296309
-0.7519511374698021
-0.5472807015533169
-0.5765884147744215
-0.7891969836493734
-0.6114551395750313
-0.7187462477502654
-0.6614476590454531
-0.7190085950090642
-0.6356252183130126
-0.6969986237704079
-0.5899950668854815
-0.6372556613278059
-0.43830891394699856
-0.6335043294049155
-0.6479485234714714
-0.6795701358410925
-0.6124563309951471
-0.4100385904221019
-0.6228186961475005
-0.592997535188171
-0.6896304841865332
-0.5365436663690447
-0.5457890419946588
-0.9924004301519757
-0.9752891551400141
-0.7600235366137328
-0.5336770997828862
-0.518561928739007
-0.5310527189923112
-0.39298850881783076
-0.5128727514895987
-0.5747304621885133
-0.9959965680216717
-0.3684065421856081
-0.5671189678524508
-0.5925359633512931
-0.36028244113173125
-0.5806104693227562
-0.8171958052733709
-0.6056199614789909
-0.6572779084763306
-0.642034887885241
-0.8917380607380186
-0.4424929170478554
-0.5675889860267803
-0.6843635861306859
-0.4287282956384354
-0.4974595755937953
-0.6850625507713891
-0.4553945999067869
-0.39298850881783076
-0.5252844586286199
-0.6040937007750363
-0.5529283764130989
-0.9353421558244855
-0.8133447507521717
-0.5904609116727867
-0.57492500819276
-0.8573374300050224
-0.6289809036005612
-0.6585105212632273
-0.614124748660536
-0.5689976349311502
-0.7961937577748474
-0.6754653357127166
-0.3998966719103686
-0.5815775715072012
-0.47736766025623056
-0.6035460910219127
-0.6222228880770361
-0.521622062283645
-0.8088301645152368
-0.27623247476624024
-0.6466339795938184
-0.6718720528185033
-0.5472807015533169
-0.5472807015533169
-0.39298850881783076
-0.5700887245459286
-0.6227556079041724
-0.7034365954605851
-0.704053401762207
-0.7768835460025277
-0.5734991620409241
-0.5893611782826186
-0.6470221341026535
-0.5844995937576106
-0.11880040933018365
-0.2113505391120073
-0.5813035540955779
-0.7421370660207097
-0.6488959352863274
-0.5472807015533169
-0.5606411944861976
-0.4476920944338433
-0.5964643604288161
-0.78791855180429
-0.48336069387971514
-0.4973491133661584
-0.5039983043445092
-0.36409745570018737
-0.5100085614875324
-0.6286110271337465
-0.6224514093657779
-1.001746661401643
-0.5911743414924077
-0.6167226138567828
-0.47084622287971045
-0.5303528949727324
-0.8527989198591944
-0.6033099894839976
-0.9346645056578969
-0.5825393822173582
-0.6167084304852407
-0.6247359247388408
-0.11274790791150069
-0.39298850881783076
-0.7006669829176596
-0.9407249981688407
-0.5472807015533169
-0.5645158853447837
-0.8181274499616288
-0.5363770957039738
-0.5978818811326997
-0.5738018342360925
-0.6311512675373047
-0.6744701968573418
-0.5677496227810911
-0.6057565978092979
-0.6441136717065804
-0.6377058130834742
-0.5709049443149249
-0.5472807015533169
-0.8508019081742061
-0.46497781220455126
-0.44863715621613254
-0.584555580308224
-0.6160330858305295
-0.5552653812951996
-0.5342452762354467
-0.6386361549060661
-0.609224483695287
-0.5785164443977345
-0.7294092466565564
-0.7278949116755941
-0.8081758951737997
-0.5472807015533169
-0.9207564873481443
-0.3780699965328663
-0.6141214383644916
-0.41619962573323244
-0.4241723028498624
-0.7171834378910281
-0.7736243490152249
-0.5860035112727123
-0.5743614896033721
-0.6313259039522267
-0.5948324427476942
-0.518946226021359
-0.893170367484568
-0.6278487342007176
-0.5613380024922895
-0.7613042374917333
-0.37251256255418796
-0.6005235560125909
-0.561112965028092
-0.5041624571662057
-0.6023010319806689
-0.5686646338014038
-0.5682983591879486
-0.4136559915078729
-0.7663072713380638
-0.4580080242177894
-0.4840475600098143
-0.3576644492443938
-0.45761990100015326
-0.45197370409444326
-0.5841679277847257
-0.28213300508709993
-0.6125790494210056
-0.610665262677997
-0.5948589611783509
-0.7425392467829249
-0.45774367043405506
-0.9051235632218825
-0.8495002277014473
-0.6709432787831803
-0.7283665313035618
-0.5865016535669477
-0.8548234951270549
-0.6406270790364518
-0.8308740238019284
-0.5736722626338503
-0.7364685053262109
-0.6808374975930013
-0.30803838261056116
-0.7387293071228006
-0.8334556847881108
-0.5207180804401025
-0.7396340148998609
-0.994595616494116
-0.733032872342187
-0.9002503934495193
-0.7924850655728489
-0.6911613448412245
-0.7005867547354251
-0.6988504907688474
-0.6872817052680217
-0.7173598483355489
-0.6436764270563357
-0.5868531548380632
-0.4272951383115794
-0.38830033321002355
-0.5643467436227668
-0.5472807015533169
-0.8554774502692138
-0.39298850881783076
-0.836888701149506
-0.5663565317199554
-0.5727599691512187
-0.6599093047619048
-0.7297094119802695
-0.6955874520562618
-0.5979569204002461
-0.5843475781997357
-0.9157441616088858
-0.6398628202006064
-0.7706466555774222
-0.6799469597078905
-0.4602685245173065
-0.7263257094798904
-0.6049383837334504
-0.5943954616620134
-0.5229634567807272
-0.37332690242560795
-0.47942868667135075
-0.7985573210510596
-0.6001526788862191
-0.7018924367864153
-0.6871896663565481
-0.7823066471732355
-0.8806376083819932
-0.9120305088749733
-0.7429191155312272
-0.5787376951156661
-0.5899763342332095
-0.4869103634970541
-0.9515977598989108
-0.27903184690394534
-0.5479456365132366
-0.8002158601483907
-0.9917527313397153
-0.70400525534354
-0.5898582800368567
-0.875840173198989
-0.6914478761074475
-0.4840016086944411
-0.604081037715145
-0.5834510678981791
-0.5240172394712003
-0.5840544655765102
-0.7722078626815344
-0.7388300168059801
-0.7858210348112417
-0.6732730605667031
-0.6767628481019722
-0.70862333335126
-0.6638336407834154
-0.860221585326053
-0.6189367197734542
-0.4539039928634393
-0.6024698281563582
-0.8081454288714779
-0.7989625483900115
-0.7992305313131419
-0.5780504260287204
-0.45440426906391396
-0.6189372227201678
-0.7261138068203307
-0.9218462054241202
-0.45922942720678017
-0.5249014604678622
-0.5505055455597366
-0.7286342940309835
-0.696178142056293
-0.7907476844062179
-0.6709604396986831
-0.6321983965991892
-0.7880170456745675
-0.7955666358588344
-0.4711859927718981
-0.8022931514466153
-0.8299007548541203
-0.7861102432090407
-0.439315248340001
-0.7363751711149374
-0.1663958092693173
-0.7410933145886224
-0.5917131481532353
-0.7395150526820652
-0.6664835427293306
-0.45620801134183375
-0.7614010438978015
-0.45352749925223657
-0.9001922900992353
-0.7270904307940155
-0.7343255054817573
-0.6044441708136373
-0.5472807015533169
-0.5825955129915984
-0.7381334917966521
-0.5132907720378727
-0.6700762800050531
-0.3068309439316449
-0.4310128888560095
-0.5754367723634898
-0.7239965804450316
-0.7361002365585486
-0.735876437321138
-0.7176107912064106
-0.41304913251516007
-0.5434186508181108
-0.5938636485284506
-0.5851561475799331
-0.49757805223495966
-0.4873831884503813
-0.371223398196347
-0.7339897283230842
-0.4191821872928342
-0.17300146745979583
-0.2214821500633709
-0.7959753641607333
-0.6129007546149333
-0.3055613287663709
-0.5827224923404953
-0.8350271705514304
-0.10761308823185745
-0.5715873773576833
-0.399356164970324
-0.8658648642018102
-0.4560598700099513
-0.5783137087749436
-0.7431471095268639
-0.5779940022682565
-0.711577064686954
-0.6959625103507369
-0.6206992819631599
-0.9560056230330675
-0.4627934319099539
-0.9964311447640591
-0.8440550019013416
-0.6382624490159182
-0.5846919753315619
-0.5369264022297487
-0.5498106227513849
-0.5429179365112032
-0.48357188094291226
-0.4672435830271583
0.12065890157082271
-0.5143402846012032
-0.6238731905193186
-0.6177748937923203
-0.6056442596139723
-0.4962015931148679
-0.5432936882417495
-0.46514693974383137
-0.6070230099577282
-0.6331458823778261
-0.45596895152712535
-0.5352056804458302
-0.9472120890422365
-0.5930444474059916
-0.7276933652538661
-0.5924966066970642
-0.6620912795416624
-0.8122535962534924
-0.5833499587137781
-0.5763063034463295
-0.6694676148146849
-0.7269378097000464
-0.6107698189099485
-0.7548805733356913
-0.4716710025176484
-0.7414147935243859
-0.7751525255502857
-0.972544549855113
-0.5775536924267198
-0.6109023361934275
-0.6042898865861689
-0.6246088192544933
-0.6681154779198101
-0.647881214939669
-0.7781545684540111
-0.5072181195611959
-0.6059265251564193
-0.5472664756234303
-0.6841748220298752
-0.8379859458719418
-0.5543272204517672
-0.6817272097625272
-0.16524626533405617
-0.6761793383279086
-0.3986404930000086
-0.4287370988628373
-0.5830870283185584
-0.37919811810933035
-0.4669428814129203
-0.4129956572914034
-0.392221563070588
-0.4271213292763173
-0.4485771215028501
-0.5511667886929613
-0.20740422753694554
-0.6091166043720045
-0.6756297291007053
-0.8458018467746088
-0.7396091569675155
-0.5568685675908268
-0.636092943683351
-0.37095551032381324
-0.5648747652812757
-0.6222317858114733
-0.574570640254579
-0.540157967416078
-0.5777595971324979
-0.5839907545029591
-0.699896949030156
-0.24428913195561586
-0.5658794600803917
-0.5472807015533169
-0.5472807015533169
-0.5472807015533169
-0.5472807015533169
-0.5472807015533169
-0.5472807015533169
-0.5472807015533169
-0.5472807015533169
-0.5472807015533169
-0.5472807015533169
-0.5472807015533169
-0.5472807015533169
-0.5472807015533169
-0.5472807015533169
-0.5472807015533169
-0.5472807015533169
-0.5472807015533169
-0.5472807015533169
-0.5472807015533169
-0.5472807015533169
-0.5472807015533169
-0.5472807015533169
-0.5472807015533169
-0.5472807015533169
-0.5472807015533169
-0.5472807015533169
-0.5472807015533169
-0.5472807015533169
-0.5472807015533169
-0.5472807015533169
-0.5472807015533169
-0.5472807015533169
-0.5472807015533169
-0.5472807015533169
-0.5472807015533169
-0.5472807015533169
-0.5472807015533169
-0.5472807015533169
-0.5472807015533169
-0.5472807015533169
-0.5472807015533169
-0.5472807015533169
-0.5472807015533169
-0.5472807015533169
-0.5472807015533169
-0.5472807015533169
-0.5472807015533169
-0.5472807015533169
-0.5472807015533169
-0.5472807015533169
-0.5472807015533169
-0.5472807015533169
-0.5472807015533169
-0.5472807015533169
-0.5472807015533169
-0.5472807015533169
-0.5472807015533169
-0.5472807015533169
-0.5472807015533169
-0.5472807015533169
-0.5472807015533169
-0.5472807015533169
-0.5472807015533169
-0.5472807015533169
-0.5472807015533169
-0.5472807015533169
-0.5472807015533169
-0.5472807015533169
-0.5472807015533169
-0.5472807015533169
-0.5472807015533169
-0.5472807015533169
-0.5472807015533169
-0.5472807015533169
-0.5472807015533169
-0.5472807015533169
-0.5472807015533169
-0.5472807015533169
-0.5472807015533169
-0.5472807015533169
-0.5472807015533169
-0.5472807015533169
-0.5472807015533169
-0.5472807015533169
-0.5472807015533169
-0.5472807015533169
-0.5472807015533169
-0.5472807015533169
-0.5472807015533169
-0.5472807015533169
-0.5472807015533169
-0.5472807015533169
-0.5472807015533169
-0.5472807015533169
-0.5472807015533169
-0.5472807015533169
-0.5472807015533169
-0.5472807015533169
-0.5472807015533169
-0.5472807015533169
-0.5472807015533169
-0.5472807015533169
-0.5472807015533169
-0.5472807015533169
-0.5472807015533169
-0.5472807015533169
-0.5472807015533169
-0.5472807015533169
-0.5472807015533169
-0.5472807015533169
-0.5472807015533169
-0.5472807015533169
-0.5472807015533169
-0.5472807015533169
-0.5472807015533169
-0.5472807015533169
-0.5472807015533169
-0.5472807015533169
-0.5472807015533169
-0.5472807015533169
-0.5472807015533169
-0.5472807015533169
-0.5472807015533169
-0.5472807015533169
-0.5472807015533169
-0.5472807015533169
-0.5472807015533169
-0.5472807015533169
-0.5472807015533169
-0.5472807015533169
-0.5472807015533169
-0.5472807015533169
-0.5472807015533169
-0.5472807015533169
-0.5472807015533169
-0.5472807015533169
-0.5472807015533169
-0.5472807015533169
-0.5472807015533169
-0.5472807015533169
-0.5472807015533169
-0.5472807015533169
-0.5472807015533169
-0.5472807015533169
-0.5472807015533169
-0.5472807015533169
-0.5472807015533169
-0.5472807015533169
-0.5472807015533169
-0.5472807015533169
-0.5472807015533169
-0.5472807015533169
-0.5472807015533169
-0.5472807015533169
-0.5472807015533169
-0.5472807015533169
-0.5472807015533169
-0.5472807015533169
-0.5472807015533169
-0.5472807015533169
-0.5472807015533169
-0.5472807015533169
-0.5472807015533169
-0.5472807015533169
-0.5472807015533169
-0.5472807015533169
-0.5472807015533169
-0.5472807015533169
-0.5472807015533169
-0.5472807015533169
-0.5472807015533169
-0.5472807015533169
-0.5472807015533169
-0.5472807015533169
-0.5472807015533169
-0.5472807015533169
-0.5472807015533169
-0.5472807015533169
-0.5472807015533169
-0.5472807015533169
-0.5472807015533169
-0.5472807015533169
-0.5472807015533169
-0.5472807015533169
-0.5472807015533169
-0.5472807015533169
-0.5472807015533169
-0.5472807015533169
-0.5472807015533169
-0.5472807015533169
-0.5472807015533169
-0.5472807015533169
-0.5472807015533169
-0.5472807015533169
-0.5472807015533169
-0.5472807015533169
-0.5472807015533169
-0.5472807015533169
-0.5472807015533169
-0.5472807015533169
-0.5472807015533169
-0.5472807015533169
-0.5472807015533169
-0.5472807015533169
-0.5472807015533169
-0.5472807015533169
-0.5472807015533169
-0.5472807015533169
-0.5472807015533169
-0.5472807015533169
-0.5472807015533169
-0.5472807015533169
-0.5472807015533169
-0.5472807015533169
-0.5472807015533169
-0.5472807015533169
-0.5472807015533169
-0.5472807015533169
-0.5472807015533169
-0.5472807015533169
-0.5472807015533169
-0.5472807015533169
-0.5472807015533169
-0.5472807015533169
-0.5472807015533169
-0.5472807015533169
-0.5472807015533169
-0.5472807015533169
-0.5472807015533169
-0.5472807015533169
-0.5472807015533169
-0.5472807015533169
-0.5472807015533169
-0.5472807015533169
-0.5472807015533169
-0.5472807015533169
-0.5472807015533169
-0.5472807015533169
-0.5472807015533169
-0.5472807015533169
-0.5472807015533169
-0.5472807015533169
-0.5472807015533169
-0.5472807015533169
-0.5472807015533169
-0.5472807015533169
-0.5472807015533169
-0.5472807015533169
-0.5472807015533169
-0.5472807015533169
-0.5472807015533169
-0.5472807015533169
-0.5472807015533169
-0.5472807015533169
-0.5472807015533169
-0.5472807015533169
-0.5472807015533169
-0.5472807015533169
-0.5472807015533169
-0.5472807015533169
-0.5472807015533169
-0.5472807015533169
-0.5472807015533169
-0.5472807015533169
-0.5472807015533169
-0.5472807015533169
-0.5472807015533169
-0.5472807015533169
-0.5472807015533169
-0.5472807015533169
-0.5472807015533169
-0.5472807015533169
-0.5472807015533169
-0.5472807015533169
-0.5472807015533169
-0.5472807015533169
-0.5472807015533169
-0.5472807015533169
-0.5472807015533169
-0.5472807015533169
-0.5472807015533169
-0.5472807015533169
-0.5472807015533169
-0.5472807015533169
-0.5472807015533169
-0.5472807015533169
-0.5472807015533169
-0.5472807015533169
-0.5472807015533169
-0.5472807015533169
-0.5472807015533169
-0.5472807015533169
-0.5472807015533169
-0.5472807015533169
-0.5472807015533169
-0.5472807015533169
-0.5472807015533169
-0.5472807015533169
-0.5472807015533169
-0.5472807015533169
-0.5472807015533169
-0.5472807015533169
-0.5472807015533169
-0.5472807015533169
-0.5472807015533169
-0.5472807015533169
-0.5472807015533169
-0.5472807015533169
-0.5472807015533169
-0.5472807015533169
-0.5472807015533169
-0.5472807015533169
-0.5472807015533169
-0.5472807015533169
-0.5472807015533169
-0.5472807015533169
-0.5472807015533169
-0.5472807015533169
-0.5472807015533169
-0.5472807015533169
-0.5472807015533169
-0.5472807015533169
-0.5472807015533169
-0.5472807015533169
-0.5472807015533169
-0.5472807015533169
-0.5472807015533169
-0.5472807015533169
-0.5472807015533169
-0.5472807015533169
-0.5472807015533169
-0.5472807015533169
-0.5472807015533169
-0.5472807015533169
-0.5472807015533169
-0.5472807015533169
-0.5472807015533169
-0.5472807015533169
-0.5472807015533169
-0.5472807015533169
-0.5472807015533169
-0.5472807015533169
-0.5472807015533169
-0.5472807015533169
-0.5472807015533169
-0.5472807015533169
-0.5472807015533169
-0.5472807015533169
-0.5472807015533169
-0.5472807015533169
-0.5472807015533169
-0.5472807015533169
-0.5472807015533169
-0.5472807015533169
-0.5472807015533169
-0.5472807015533169
-0.5472807015533169
-0.5472807015533169
-0.5472807015533169
-0.5472807015533169
-0.5472807015533169
-0.5472807015533169
-0.5472807015533169
-0.5472807015533169
-0.5472807015533169
-0.5472807015533169
-0.5472807015533169
-0.5472807015533169
-0.5472807015533169
-0.5472807015533169
-0.5472807015533169
-0.5472807015533169
-0.5472807015533169
-0.5472807015533169
-0.5472807015533169
-0.5472807015533169
-0.5472807015533169
-0.5472807015533169
-0.5472807015533169
-0.5472807015533169
-0.5472807015533169
-0.5472807015533169
-0.5472807015533169
-0.5472807015533169
-0.5472807015533169
-0.5472807015533169
-0.5472807015533169
-0.5472807015533169
-0.5472807015533169
-0.5472807015533169
-0.5472807015533169
-0.5472807015533169
-0.5472807015533169
-0.5472807015533169
-0.5472807015533169
-0.5472807015533169
-0.5472807015533169
-0.5472807015533169
-0.5472807015533169
-0.5472807015533169
-0.5472807015533169
-0.5472807015533169
-0.5472807015533169
-0.5472807015533169
-0.5472807015533169
-0.5472807015533169
-0.5472807015533169
-0.5472807015533169
-0.5472807015533169
-0.5472807015533169
-0.5472807015533169
-0.5472807015533169
-0.5472807015533169
-0.5472807015533169
-0.5472807015533169
-0.5472807015533169
-0.5472807015533169
-0.5472807015533169
-0.5472807015533169
-0.5472807015533169
-0.5472807015533169
-0.5472807015533169
-0.5472807015533169
-0.5472807015533169
-0.5472807015533169
-0.5472807015533169
-0.5472807015533169
-0.5472807015533169
-0.5472807015533169
-0.5472807015533169
-0.5472807015533169
-0.5472807015533169
-0.5472807015533169
-0.5472807015533169
-0.5472807015533169
-0.5472807015533169
-0.5472807015533169
-0.5472807015533169
-0.5472807015533169
-0.5472807015533169
-0.5472807015533169
-0.5472807015533169
-0.5472807015533169
-0.5472807015533169
-0.5472807015533169
-0.5472807015533169
-0.5472807015533169
-0.5472807015533169
-0.5472807015533169
-0.5472807015533169
-0.5472807015533169
-0.5472807015533169
-0.5472807015533169
-0.5472807015533169
-0.5472807015533169
-0.5472807015533169
-0.5472807015533169
-0.5472807015533169
-0.5472807015533169
-0.5472807015533169
-0.5472807015533169
-0.5472807015533169
-0.5472807015533169
-0.5472807015533169
-0.5472807015533169
-0.5472807015533169
-0.5472807015533169
-0.5472807015533169
-0.5472807015533169
-0.5472807015533169
-0.5472807015533169
-0.5472807015533169
-0.5472807015533169
-0.5472807015533169
-0.5472807015533169
-0.5472807015533169
-0.5472807015533169
-0.5472807015533169
-0.5472807015533169
-0.5472807015533169
-0.5472807015533169
-0.5472807015533169
-0.5472807015533169
-0.5472807015533169
-0.5472807015533169
-0.5472807015533169
-0.5472807015533169
-0.5472807015533169
-0.5472807015533169
-0.5472807015533169
-0.5472807015533169
-0.5472807015533169
-0.5472807015533169
-0.5472807015533169
-0.5472807015533169
-0.5472807015533169
-0.5472807015533169
-0.5472807015533169
-0.5472807015533169
-0.5472807015533169
-0.5472807015533169
-0.5472807015533169
-0.5472807015533169
-0.5472807015533169
-0.5472807015533169
-0.5472807015533169
-0.5472807015533169
-0.5472807015533169
-0.5472807015533169
-0.5472807015533169
-0.5472807015533169
-0.5472807015533169
-0.5472807015533169
-0.5472807015533169
-0.5472807015533169
-0.5472807015533169
-0.5472807015533169
-0.5472807015533169
-0.5472807015533169
-0.5472807015533169
-0.5472807015533169
-0.5472807015533169
-0.5472807015533169
-0.5472807015533169
-0.5472807015533169
-0.5472807015533169
-0.5472807015533169
-0.5472807015533169
-0.5472807015533169
-0.5472807015533169
-0.5472807015533169
-0.5472807015533169
-0.5472807015533169
-0.5472807015533169
-0.5472807015533169
-0.5472807015533169
-0.5472807015533169
-0.5472807015533169
-0.5472807015533169
-0.5472807015533169
-0.5472807015533169
-0.5472807015533169
-0.5472807015533169
-0.5472807015533169
-0.5472807015533169
-0.5472807015533169
-0.5472807015533169
-0.5472807015533169
-0.5472807015533169
-0.5472807015533169
-0.5472807015533169
-0.5472807015533169
-0.5472807015533169
-0.5472807015533169
-0.5472807015533169
-0.5472807015533169
-0.5472807015533169
-0.5472807015533169
-0.5472807015533169
-0.5472807015533169
-0.5472807015533169
-0.5472807015533169
-0.5472807015533169
-0.5472807015533169
-0.5472807015533169
-0.5472807015533169
-0.5472807015533169
-0.5472807015533169
-0.5472807015533169
-0.5472807015533169
-0.5472807015533169
-0.5472807015533169
-0.5472807015533169
-0.5472807015533169
-0.5472807015533169
-0.5472807015533169
-0.5472807015533169
-0.5472807015533169
-0.5472807015533169
-0.5472807015533169
-0.5472807015533169
-0.5472807015533169
