0.3433219257995138
-0.41887453480960624
-0.868946264677617
-0.6488157908266309
-0.7937501356484545
-0.9080057669460305
-0.9045658882605593
-0.7366494151112529
-0.9911424475883993
-0.8961130966846077
-0.9356653801072979
-0.5957627380451537
-0.951589086977065
-0.8906337762144193
-0.5628306155496087
-0.9820455850787982
-0.981409245455578
-0.772580143119174
-0.7156829697010255
-0.6774264037079184
-0.8465563392608529
-0.8821960029058317
-0.7814191766612125
-1.0037306604224243
-0.34433888021148207
-0.32700029428002
-0.011267430247035554
-0.5948456547840887
-0.8107272033818457
-0.5986026117728659
-0.6871707507885328
-0.967199108830216
-0.9229845960612258
-0.9102702593714805
-0.9110692907751022
-0.8532329207881776
1.1143781808518858
-0.8619263880293203
-0.8642825827596755
-0.8278858811625361
-0.8899382543127486
-0.9457075845734596
-0.9153329153586053
-0.9086018631361014
-0.7254831655564483
-0.861135462783163
-0.8822771182847876
-0.967535039229099
-0.7085990431095467
-0.9365448593107369
-0.859536597949128
-0.9919853747503967
-0.9775505246407167
-0.9927298277624984
-0.45825363802904484
-0.9386644358553912
-1.0045061746962647
-0.9622289638836207
-0.03882434536574228
-0.9083956650113062
-0.8633495969018049
-0.9227478394239476
-0.9988560777008654
-0.8609376335640785
-0.9761688203253797
-0.958949028488843
-0.8222761253064884
-0.9883987987739654
-0.6626946340791583
-0.7247032054096173
-0.6746008043290114
-0.873802787974623
-1.0077825278856851
-0.6468378970892977
-0.9161913406358028
-0.9241356485751143
-0.9368533268483034
-0.862176935072065
-0.8493569951311574
0.45679459430613967
0.7089989484038267
0.1117056916130669
-0.4394270430213779
-0.8654765228132898
-0.807648698126152
-0.8256880781270964
-0.9529538493619764
-0.7815563913023694
-0.9671561944234554
-0.9458179788673472
-0.9715930204311533
-1.0014499179213425
-1.0098581825147166
-0.9384491160544953
-1.0132304950291458
-0.6074377845671705
-0.5676283430431656
-0.8908229086440055
-0.6688192021509486
-1.0138247455619895
-0.8631123848587069
-0.9252320221894897
-1.021368557462373
-0.7582045341414531
-0.7582045341414531
-1.025467215959531
-0.7582045341414531
-0.47327574683286244
-1.0057202930865978
-0.9129504656650563
-0.982428936845266
-0.6643928014113608
1.0239636194640633
-0.6875367013452759
0.07544591355299604
-0.5704636924409484
-0.06368281242772786
-0.47238955189576537
-0.9104564613345981
-1.0543466395490197
-1.0091803968513284
-0.764873362565715
-0.786197984552918
-0.7916736526561144
-0.7351594589042288
-0.7756551585142183
-0.4540395091719446
-0.08199311441699128
0.6926336145789972
0.00022848585642246122
0.37930827208502194
0.6088982507077166
-0.9960622173425736
-0.32073724002954507
-0.9356609435269504
-0.4307092953968602
0.893998179346572
0.6780657178139123
0.3877917685539626
0.3602707730412814
0.13215088396020472
1.1449740250698683
1.0660818701376256
-0.9659719321831349
1.100473959540209
1.007822794033797
1.1097687819321438
1.1162604514898975
-0.2091427676081806
0.7222311672616869
-1.0021579399873692
-0.9563101886576205
-0.921222717517087
-0.7869303211802122
-0.9564595756240212
-0.9101745542964849
-1.0098575872940811
-0.8079247051744335
0.23148039867091522
-0.6557845900154567
-0.7252702906141862
-0.8887312281390961
-0.6512403936498937
-0.6453137314370113
-0.1790825900678313
-0.6277686737064335
-0.6167356871761661
-0.7607104416263076
-0.9558572526869159
0.9517930213085045
-0.8936541409874589
-0.1547845575503813
-0.8916501891107994
0.18024335734917055
-0.8618795099575812
-0.3270169236349957
-0.968096125474868
-0.6554030229666604
-0.9221624230705149
-0.8761207314479914
-0.9631486995383912
-0.9975738520132921
-0.7803206123819165
-0.9915011839374063
-0.859035663523355
-0.6662399973927889
-1.0200060902684145
-0.6074456682725798
-0.9613102154502143
-0.9328477773852387
-0.9646006466167673
-0.8996165076500119
-0.9647500750617538
-0.7705055288696087
0.08526616870168882
-1.025975990844345
-1.0245044298583244
-0.9379058568199748
-0.7582045341414531
-0.9670257604776192
-0.9572324934554511
-1.0243581650079419
-0.8750600500877709
-0.9363552577879936
-0.9139660074328041
-0.9464930979645799
-0.8768720383050247
-0.22191684532570397
-1.0339970586416145
-0.5782450418197299
-0.9345201172873444
-0.8541412395573654
-0.7884621657387473
-0.8271743590015063
-0.998523597169256
-0.964934165566521
-0.9244207849811047
-0.935724389045773
-0.9806459477679407
-0.9552226651671819
-1.0172557953281727
-0.5716410338974703
-0.9744562467963852
-0.7582045341414531
-0.1887068917390354
-0.5881297638795459
-0.7102847630348822
-0.8177581070443721
-0.7965556334001508
-0.772834904282255
-0.9063857137640002
-0.8352289628590387
-0.47540838438214117
-0.8828457070953944
-0.9950338517624263
-0.8922918780266694
0.4664887642176073
1.078273587574679
-0.9997339811025593
-0.48746642417904795
0.8819796372915228
-0.9918745807513957
-0.8231118245958903
-0.9043830451321525
-0.696331763534313
-0.9984447942702658
-0.8610203222243761
-1.0224247323696636
-0.94323952292162
-0.7582045341414531
-0.8878128928315344
-0.5196362997009248
-0.3884233720266056
-1.0322957506927937
0.9027308993444948
-0.7274724150068997
-0.9910456066994114
-0.9176858973160719
-0.9547956623210015
-0.9131569796335902
-0.8256644858605756
-0.8175884470004525
-0.9589638972913327
-0.9247045751094528
1.1022567853938279
-1.0079124422175552
1.103647733811571
-0.9781662169778321
-0.686240283314791
-0.9470354098835322
-0.9450624077034401
-1.0415172010985296
-1.0333444753757428
-0.9189708910633804
-0.6762549948081144
-0.5585233216555682
-0.7025528762445205
-0.7582045341414531
-0.8041174858493153
-0.8423887990858169
-0.9340520994698959
-0.5664708743996673
-0.7488559739709483
-0.9604350741507669
-0.8339338113479996
-0.9381448776163036
-0.9127681880148916
-0.9425279879612286
-0.4030935495676583
-0.8425977594252255
-0.9821492934327117
-0.9508008498864992
-0.9375655694809214
-0.7582045341414531
-0.9710790099892669
-0.7790164153902072
-0.7435301361704535
-0.8750613475151187
-0.6619839832826094
-0.12233698144456814
-0.9155933375385131
0.6930329613880389
-0.9064765611535278
-0.9154801360474131
-0.8471591669486315
-0.9775851080402688
-0.8103993634295136
-1.0054069660102245
-0.9862764343397795
-0.9811078853342422
-0.5664708743996673
-0.9961023202802767
-0.5027686595126549
-0.9695509536277643
-0.9454328323594342
-1.0140321149508553
-0.8184552087537692
-0.9367628773168902
-0.9706406674758848
-0.87843709851387
-0.9722289861550389
-1.008683996715937
-0.44528113574044526
-0.9634992757319668
-0.8494322387306418
-0.7873051422728007
-0.8579417421455268
-0.9052965384442678
-1.0146900744701393
1.2417830974135535
-0.6659822176867937
-0.30142885528466323
-0.9040929903414795
-0.846149979129737
-0.9284407747095368
-0.1683468781669993
-0.8280078671542334
-0.43401809721340456
-0.957512565473187
-0.9729909259402351
-0.6841328157122614
-0.580825178006335
-0.5852930194775495
-0.8445969971034933
-0.6957088410276145
-0.903130920888434
-1.0246480655914647
-0.9844676606155175
-0.8588904212437988
-0.8590272036385392
-0.6268289914121833
-0.9952936190583969
-0.23581766170672855
-0.9622125409537851
-0.9878871726664872
-0.8011411270234464
-0.8068032744814843
-0.7905346015755185
-0.6129891768630397
-0.9436170746903719
-0.7582045341414531
-0.9475871096738518
-0.8448710568909973
-0.9286901103855466
-0.7370372243946007
-0.890419341011767
-0.9817168447665338
-0.9195094693370606
-1.0552640744032038
-0.8200846109699383
-0.903734452748041
-0.9207136089923856
-0.8864938103226542
-0.9718819679134888
-0.941713958846827
-0.9925021277885931
-0.7055137782305191
-0.7582045341414531
-0.8329757946250008
-0.905624327622273
-0.7341215142209939
-0.9362646431133835
-0.9040213520441426
-0.7582045341414531
-0.964342811771748
-0.9300113777660118
-0.6694318521035455
-0.9975499938799387
-0.6946405043952125
-0.9167949560696523
-1.024671969771906
-0.3078189967427828
-0.9641105659391843
-0.7989871389685926
-0.7776892405212062
-0.8688891579517907
-0.9650340482124921
-0.8638764635299722
-0.8837680391768298
-0.8744989730584624
-0.7274603979161959
-0.9695097438574553
-0.9390581084435335
-0.9689449336865642
-0.8534458400207675
-0.667658862108616
-0.36479163199469256
-0.8902882010277625
-1.0158268537203865
-0.9708740293453114
-0.9448911934998342
-0.9281436340909518
-0.7246641219052307
-0.9776013632485095
-0.944329929301195
-0.702223556827204
-1.016385219483781
-0.9118316837920527
-0.8167696039185116
-0.8734708887797221
-0.7478386519434813
-0.9020140876096142
-1.0051651311778889
-0.9761688203253797
-0.9581704469496543
-0.9159851633476573
-0.9865598397524497
-1.0298482915648295
-0.6012372199040917
-0.7784235199910859
-0.6064407355371887
-0.8633731184253285
-0.6285255305093155
-0.8954487817353921
-0.7552373258097546
-0.8646807296698668
-0.5208288114891274
-0.32068841157658945
-0.8823613807591616
-0.9332923878726184
-0.8602018719396912
-0.8664116576838384
-0.7211955925281784
-0.8563807000574403
-0.9822615213259162
-0.7899536805595054
-0.8024797635859865
-0.8171465213483141
-0.8087345866294334
-0.9504659216259138
-0.7027636952040616
-0.9147355487455499
-0.9276178912706278
-0.7168913030655154
-0.7582045341414531
-0.7829549290579766
-0.9356733224642478
-1.0235860260420298
-1.0424112236745708
-0.7593982087254673
-0.7868214502988283
-0.8292414902793005
-0.9828721512604633
-0.9564135897450302
-0.919752932390213
-0.5164768547507254
-0.8319162286258478
-0.8283637739026438
-0.6356038961795597
-0.3616165850586316
-0.20219862529363217
-0.5351382940067452
-1.0230594462407803
-0.9529880895391233
-0.919532605329109
-0.8152875055641459
-0.9591809316801171
-0.4134337830571201
-0.9567281262873194
-0.7380603915224536
-0.8261940689033668
0.09581443650183355
-0.5664708743996673
-0.998703538748461
-0.8638882573394887
0.15223865516108584
-0.8454211646216631
-0.7922236209061541
-0.6862834259161367
-0.4742872648457094
-0.7183475781753731
-0.342786870093467
-0.8592290198196483
-0.9586603950419256
-0.5341634402076433
-0.8958828846313064
-0.8577881390132936
-0.9804431911218582
-0.3215624261474811
-1.0190850511347334
-0.9131102531128948
-1.0276544651972204
-0.9609991684982769
-0.8832955407068833
-0.9462808352939841
-0.6981777896368345
-0.9772738079582793
-0.9955303985738776
-0.9911695136156072
-0.6897854019176989
-0.9535446843030605
-1.0088161891615952
-1.0075532087099086
-0.8019610228200743
-0.8872726997649824
-0.906266023313628
-0.9404758524318481
-1.0084036723067813
-0.9430065687817591
-0.9519971761958362
-0.8990122982946441
-0.9003324022998732
-0.9161597972057925
-1.0579569874500274
-0.7582045341414531
-0.8910404624378049
-0.7582045341414531
-0.7582045341414531
-0.9235450460283562
-0.9619891491926352
-0.8943696987486734
-1.0114763358474592
-1.0001987011861475
-0.8587580650073391
-0.9379303548194172
-0.9616700443354534
-0.8948852362000564
-0.7582045341414531
-0.9865234679324743
-0.6046201622165209
-0.9942556869508145
-1.0338029699780966
-0.8814219493738423
-0.5664708743996673
-0.9550615016114011
-0.9285654385385637
-0.7582045341414531
-0.9287104426608962
-1.0030981633345393
-0.984739244391876
-0.8780626170562505
-0.9404623413693641
-0.7582045341414531
-0.9885827052059116
-0.9633477080268636
-0.5007193390481276
-0.8671705787201588
-0.27889254047136725
-0.9155008429504053
-0.36992538390867147
-0.931396273017831
-0.8496888268003647
-0.9656386989143729
-0.9666254805441518
-0.9636308424718535
-0.9047240036376901
-0.9680624609784899
-0.9643694825740347
-0.9595324119300158
-0.9046645026318877
-0.9919892309545296
-0.8977215432001372
0.7630796687427183
-0.835162187493876
-0.6936367574246997
-0.7405173850769123
-0.9402068113628587
-0.7582045341414531
-0.9568856351831655
-1.0067885086436101
-1.0352118320457242
-0.7777542070558027
-0.7582045341414531
0.03383108689060502
-0.7788292730740337
-0.7582045341414531
-0.9378528864628556
-0.9739395618422925
-0.7209225445427335
-0.9165108564197243
-0.9163121868399787
-0.8953593112685435
-0.9798427981957999
-0.11392131081078558
-0.8838389627282118
-0.9534534475222315
-0.9015243786706552
-0.9532687438814441
-0.9026847848528635
-0.8681686447792006
-0.8905137763918215
-0.727855449955345
-0.5254960154907337
-0.6982776039299018
-0.25322775780444673
-0.8390720273776334
-0.8756389539921258
-0.7497975126009414
-0.8978558442556263
-0.3004343253181726
-0.8115640214504342
-0.9549496835823873
-0.9159239069843955
-0.7246257676753994
-0.8604814178827481
-0.8476090447579959
-0.4052625124380881
-0.725094247945358
-0.9390818854619375
-0.8123001852945971
-0.5247323641198519
-0.5904417408132804
-1.0143603014937712
0.5742947681258145
0.004815340361283754
-0.9230472627800711
-0.8340891811077312
-0.9532059154003544
-0.8544824621667991
-0.7968604366018975
-0.9770217378231713
-0.6081650321744859
-0.6494458796547465
-0.7434272728518919
-0.2603963313162022
0.27756993613405967
-0.9141580691480701
-1.0143512231106468
-0.7485419687394909
-0.9082292327236569
-1.026149180838062
-0.9784770803033364
-0.9857133680012878
-0.9822740150033243
-0.7993567776845875
-0.9374195650445422
-0.7637203602810853
-0.8504913825964177
-0.9877711381770232
-0.9278968893860934
-0.9348193683915859
-0.9094909295336687
-0.6443275612058655
-0.8667458942706939
-0.939231485618028
-0.8415887004889601
-0.997629898924843
-0.7935261543594506
-0.6993857807978411
-1.0054245702859275
-0.6490954030245241
-0.8741129217707481
-0.9479914044881489
-0.9362070546612699
-0.9810683517013362
0.25472254801335026
-0.7414805109449204
-1.0082668247863085
-0.8650821116980342
-0.5690308473007352
-0.6265347767966222
-0.9266874190580402
-0.9273856046951333
-1.0244209672626559
-0.8695950739542148
-0.9795201311596858
-0.8273113808017821
-0.983167430835807
-0.5382438370637949
-0.9030891036556553
-0.8357019534809985
-0.9065174752630184
-0.8705470766379434
0.08734955373917766
-0.6544914519406034
-0.8276794614956656
-0.562577542318457
-0.9993868117291537
-0.241282148190984
-0.7582045341414531
-0.9221016243028198
-0.6439076693022773
-0.9568175010590131
-0.4109601622074247
-0.7274536660985823
-0.6414751288409885
-0.7542704374805683
-0.8629753029355235
-0.9996338926940754
-0.9541661842253425
-0.913124349151425
-0.8983847585979944
-1.0248675734355173
-0.7249144057514797
-0.8484874410045072
-0.956913554640166
-0.7558620877168237
-0.8887983798995683
-0.8599559392539621
-0.9107373532041311
-0.8437776245789169
1.0283392926630386
0.8868751444303563
-0.9049321499264497
-0.7295317973639569
-0.949446130657548
-0.9213147190546077
-0.5664708743996673
-0.8572083922157702
-0.8058167592523954
1.0729932076016384
-0.97326006677518
-0.7910875391003024
-0.8037750940816198
-0.9485377315633424
-0.7506723617682695
-0.6041552287210933
-0.9895583842623125
-0.8237042931223445
-0.7276966632925116
-0.02136484086203891
-1.0035623449641937
-0.9476077680023983
-0.598713033262663
-0.9886455365101813
-0.9669292262513248
-0.9971935357242067
-0.7852147859006041
-0.5664708743996673
-0.9622877612176232
-1.0291251385579345
-0.7985364949793602
-0.9572764416332326
-0.6048379642277278
-0.8263247372770027
-0.7164343898458326
-0.3807611664968632
-0.7447321704662012
-0.676062254812389
-0.695110724793465
-0.8207407195531796
-0.5512849783637811
-0.5904928800428692
-1.0023410137433642
-0.9604793480453228
-0.976562503968407
-0.8835238127767112
-0.9605930506215926
-0.9539915926329697
-0.7689012607276339
-1.000798216920006
-0.5349916209566487
-0.8469919306031645
-0.7582045341414531
-0.7582045341414531
-0.5664708743996673
-0.9617276565231566
-0.9564845581003488
-0.7002092144716442
-0.9099133179417055
-0.44653454973308826
-0.8874057230350082
-0.8576822416349642
-0.5309566728522955
-0.9184139449495233
-1.005277946579315
-1.0258713221037103
-0.7759611093143423
-0.6915783224506501
-0.4310097595104515
-0.7582045341414531
-0.9539503117030598
-0.9781266714264972
-0.9530992433514661
-0.6326294357547982
-0.9358715481611642
-0.9349459272955275
-0.9410633895383153
-0.9753891574126473
-0.90749875846132
-0.8810760252624795
-0.8322022770862346
1.1199613729474782
-0.8898714290992081
-0.7663337210504252
-0.8599212536342292
-0.8956101395675421
-0.9062108122436864
-0.8195151991593558
0.5510825911279803
-1.023543824352493
-0.7115771711525475
-0.9331261763434703
-1.0375923347227536
-0.5664708743996673
-0.596788525205148
0.4081873329423197
-0.7582045341414531
-0.9589057139264546
-0.8798278965589744
-0.9741559777580547
-0.7781585789334368
-0.8875481910127309
-0.9409069046684763
-0.8814018799319384
-0.8134768409487744
-0.9571006942985739
-0.5519602015287389
-0.8359894913749467
-1.0466743129621028
-0.7582045341414531
0.8985330131245338
-0.932582819190123
-0.9132374609067969
-0.7821854334863626
-0.7324029698613429
-0.9159312794738091
-0.8081693815441479
-0.8574418780560996
-1.0086036218548484
-0.9761156129210217
-0.7547547189625156
-0.47047353141010817
-0.2656982960952262
-0.7582045341414531
0.0634316771393281
-0.8867556656500241
-0.8365758969124918
-0.9426945156505983
-0.9313431711747963
-0.5927891381306455
-0.35107613094036616
-0.7948323929803617
-0.5944731073846682
-0.7878677424518666
-0.9951011877924599
-0.8666056060881867
0.4693145597164382
-0.651074342034602
-0.9258333108391589
-0.43157014650151837
-0.9083416085867003
-0.9702628302970161
-0.8635294570420619
-0.9937767710440905
-0.7603852432943717
-0.9919825700064592
-0.8320239288912151
-0.9439767864443002
-0.8635435005980955
-0.9720284237197038
-0.9317935407187444
-0.8946705909971061
-0.8925456355980695
-0.831494330751455
-0.9926537502076062
-0.9487109351034323
-0.813006168473641
-0.8899591257248601
-0.7652115363778133
-0.6542330276218894
-0.7691044111301252
0.35118698581889063
-0.5212915903701197
-0.2105103454039244
-0.7105111971076702
-1.0064448185520858
-0.6869545145538619
-0.7919507848404105
-0.41900631303617886
-1.0288763558681184
-0.9984969502204645
-0.537749421099135
-0.9434030993533106
-0.9997782422682536
-0.6724599915245647
-0.9255779088437254
-0.999784753804538
1.0276960298303104
-0.9948639641938729
-0.3621010578772782
-0.47023043404578246
-0.2598537994446143
-0.8085144910798504
-0.958163890005591
-0.5820654440092855
-0.429129951812537
-0.854211131115915
-0.7980313496906116
-0.9608544231564898
-0.962121242598383
-0.8233142375615731
-0.7582045341414531
-0.83714702500862
-0.5664708743996673
-0.6332670575969451
-0.7738375121737838
-0.8364822769766561
-0.28978527320472225
-0.655156664087941
-0.26211498193505733
-0.8728335254352021
-0.9167855236012264
0.39612440298618246
-0.5296483101189874
-0.8121938534842076
-0.6273406719733511
-0.9958344807984939
-0.7193874970704509
-0.9397629724676825
-0.9716175871194564
-0.9441991412499987
-0.9663217073258173
-0.8763092040527659
-0.38714731609994246
-0.8059107562017128
-0.04128099419644035
-0.8320615378408959
0.12287212970124708
1.0804716508022407
0.21678156610214652
-0.8431342082612004
-0.7374509719174781
-0.9735838152159807
-0.847627971433842
0.5037281448245928
-0.9092116173731767
-0.7836787471584855
-0.3817528559320468
-0.8544186140527251
-0.15682593960928867
-0.9288701328864494
-0.1706866581439633
-0.8671651668862072
-0.9478364025732048
-0.9075777878312145
-0.9632195097130146
-0.7818902423495785
-0.8497463381704168
-0.20917165007709668
-0.9989170449634105
-0.050100569281206736
-0.5221871574761653
-0.28162826231389204
-0.29304593403878265
-0.6982661750383655
-0.12499591236918581
-0.9463571476056752
-0.9951684960917088
-0.8446898178855761
-0.0046741346875168455
0.0209086244188538
-0.8175890069513773
-1.0299327747067037
-0.961815451492087
-0.8340081335855835
-0.43636302190341525
0.9084301134607465
-0.4870872655428037
-0.7117976559671614
-0.7777164430315074
-0.31224170823893715
-0.7727598501132685
-0.19214042741749812
-0.9476340167900005
-0.7282719768213745
-0.28883802380300694
-0.48341212950039314
-0.8712342781714347
-0.17167571513334243
-0.6459424467338241
-0.7561682527639447
-1.0375104456891515
-0.9645325647004049
-1.0057062946709907
-0.38781876983646335
-0.8933441604958264
-1.0000465487588945
-0.2913883861704206
-0.9920624797765224
-0.607084670891001
-0.9391944485695581
-0.12572307744729647
-0.9862473656803302
-0.5947025864982268
-0.927491739207624
-0.7582045341414531
-1.0466991708910358
-0.999351317876502
-0.9787157910676686
-0.20731741327394557
-1.012311183514794
-0.9376181350213485
-0.5680579821957404
-0.9895023681501264
-0.9961936934925123
-0.9985005576056177
-0.983665123639221
-0.5268735542390611
-0.981389602029732
-0.5832750866311641
-0.9873357551925227
-0.8809023707645035
-0.9306976008815716
-1.0000841907102336
-0.6512175314092633
-0.8992647755029718
-1.0106271477240396
-1.0471829604515497
-0.882019315198666
-0.9485218581761422
-0.9765456304796337
-0.9268156105831081
-0.6659936600827897
-0.9240884148218164
-0.6176271051997794
-0.9732935961678965
-0.7630659635980886
-0.9086054447230626
-0.6677642409445311
-0.7592299028146324
-0.8984600756717828
-0.8891890778091379
-0.8023561251579859
-0.8841269279897112
0.7218290727863498
-0.9904135743441326
1.0650713714027722
-0.8952750439901244
-0.8160937467139614
-0.6666003657690559
-0.9450687208473819
-0.8355784558720166
-0.924316419815603
-0.887467392333
-0.9295981705201842
-1.002383865780705
-0.9771522204725801
-1.0099103527145994
-0.937005235624807
-0.97670070041137
-0.9648598912462233
-0.9479325066764793
-0.9038283366248488
-0.9774167602421083
-0.8362786170568742
-0.8828695118696405
-0.6876306125881239
-0.7830167912274294
-0.8923922789939037
-0.9876300882057648
-0.9381428735412821
-0.7905873597580008
-0.6394996112480104
-0.8251515867956655
-0.8518570313165067
-0.9423903719534802
-0.519404087972153
-0.7615998483468235
-0.6115319165146992
-0.9732754817859216
-0.4540956647891622
-0.6593130547800082
0.7849977660713606
-0.7872122232000144
-0.8934636997676569
-0.8346412285407886
-0.8118889053450867
-0.7433964324239365
-0.7732134297637386
-0.4757571241701576
-0.7705055288696087
-0.8406388121606049
-0.9935566368941383
-0.4324761424935818
-0.6190336744807442
-0.8889509399267396
-0.7311354584728768
-1.0150297092682434
-0.26243025210107895
-0.9263707621738454
-0.8895513952593063
-1.0481647367827707
-0.9095993718331822
-0.9225956823658318
-0.923357677432132
-0.9440237777220669
-0.9485608179839683
-0.8429205567751846
-0.7125465480733367
-0.966922162598178
-0.9228688035661615
-1.031227336408711
-0.3902195919293191
-0.9980727102719477
-0.9235223259377562
-0.8688124343414084
-0.978536440010804
-0.8727788394806001
-0.7887217126163818
-0.9602591601196365
-0.9552405634447211
-0.9653407161402338
-0.757122434469916
-1.0269402767913265
-0.9612452054398225
-1.0267040009652861
-0.7582045341414531
-0.7582045341414531
-0.7582045341414531
-0.7582045341414531
-0.7582045341414531
-0.7582045341414531
-0.7582045341414531
-0.7582045341414531
-0.7582045341414531
-0.7582045341414531
-0.7582045341414531
-0.7582045341414531
-0.7582045341414531
-0.7582045341414531
-0.7582045341414531
-0.7582045341414531
-0.7582045341414531
-0.7582045341414531
-0.7582045341414531
-0.7582045341414531
-0.7582045341414531
-0.7582045341414531
-0.7582045341414531
-0.7582045341414531
-0.7582045341414531
-0.7582045341414531
-0.7582045341414531
-0.7582045341414531
-0.7582045341414531
-0.7582045341414531
-0.7582045341414531
-0.7582045341414531
-0.7582045341414531
-0.7582045341414531
-0.7582045341414531
-0.7582045341414531
-0.7582045341414531
-0.7582045341414531
-0.7582045341414531
-0.7582045341414531
-0.7582045341414531
-0.7582045341414531
-0.7582045341414531
-0.7582045341414531
-0.7582045341414531
-0.7582045341414531
-0.7582045341414531
-0.7582045341414531
-0.7582045341414531
-0.7582045341414531
-0.7582045341414531
-0.7582045341414531
-0.7582045341414531
-0.7582045341414531
-0.7582045341414531
-0.7582045341414531
-0.7582045341414531
-0.7582045341414531
-0.7582045341414531
-0.7582045341414531
-0.7582045341414531
-0.7582045341414531
-0.7582045341414531
-0.7582045341414531
-0.7582045341414531
-0.7582045341414531
-0.7582045341414531
-0.7582045341414531
-0.7582045341414531
-0.7582045341414531
-0.7582045341414531
-0.7582045341414531
-0.7582045341414531
-0.7582045341414531
-0.7582045341414531
-0.7582045341414531
-0.7582045341414531
-0.7582045341414531
-0.7582045341414531
-0.7582045341414531
-0.7582045341414531
-0.7582045341414531
-0.7582045341414531
-0.7582045341414531
-0.7582045341414531
-0.7582045341414531
-0.7582045341414531
-0.7582045341414531
-0.7582045341414531
-0.7582045341414531
-0.7582045341414531
-0.7582045341414531
-0.7582045341414531
-0.7582045341414531
-0.7582045341414531
-0.7582045341414531
-0.7582045341414531
-0.7582045341414531
-0.7582045341414531
-0.7582045341414531
-0.7582045341414531
-0.7582045341414531
-0.7582045341414531
-0.7582045341414531
-0.7582045341414531
-0.7582045341414531
-0.7582045341414531
-0.7582045341414531
-0.7582045341414531
-0.7582045341414531
-0.7582045341414531
-0.7582045341414531
-0.7582045341414531
-0.7582045341414531
-0.7582045341414531
-0.7582045341414531
-0.7582045341414531
-0.7582045341414531
-0.7582045341414531
-0.7582045341414531
-0.7582045341414531
-0.7582045341414531
-0.7582045341414531
-0.7582045341414531
-0.7582045341414531
-0.7582045341414531
-0.7582045341414531
-0.7582045341414531
-0.7582045341414531
-0.7582045341414531
-0.7582045341414531
-0.7582045341414531
-0.7582045341414531
-0.7582045341414531
-0.7582045341414531
-0.7582045341414531
-0.7582045341414531
-0.7582045341414531
-0.7582045341414531
-0.7582045341414531
-0.7582045341414531
-0.7582045341414531
-0.7582045341414531
-0.7582045341414531
-0.7582045341414531
-0.7582045341414531
-0.7582045341414531
-0.7582045341414531
-0.7582045341414531
-0.7582045341414531
-0.7582045341414531
-0.7582045341414531
-0.7582045341414531
-0.7582045341414531
-0.7582045341414531
-0.7582045341414531
-0.7582045341414531
-0.7582045341414531
-0.7582045341414531
-0.7582045341414531
-0.7582045341414531
-0.7582045341414531
-0.7582045341414531
-0.7582045341414531
-0.7582045341414531
-0.7582045341414531
-0.7582045341414531
-0.7582045341414531
-0.7582045341414531
-0.7582045341414531
-0.7582045341414531
-0.7582045341414531
-0.7582045341414531
-0.7582045341414531
-0.7582045341414531
-0.7582045341414531
-0.7582045341414531
-0.7582045341414531
-0.7582045341414531
-0.7582045341414531
-0.7582045341414531
-0.7582045341414531
-0.7582045341414531
-0.7582045341414531
-0.7582045341414531
-0.7582045341414531
-0.7582045341414531
-0.7582045341414531
-0.7582045341414531
-0.7582045341414531
-0.7582045341414531
-0.7582045341414531
-0.7582045341414531
-0.7582045341414531
-0.7582045341414531
-0.7582045341414531
-0.7582045341414531
-0.7582045341414531
-0.7582045341414531
-0.7582045341414531
-0.7582045341414531
-0.7582045341414531
-0.7582045341414531
-0.7582045341414531
-0.7582045341414531
-0.7582045341414531
-0.7582045341414531
-0.7582045341414531
-0.7582045341414531
-0.7582045341414531
-0.7582045341414531
-0.7582045341414531
-0.7582045341414531
-0.7582045341414531
-0.7582045341414531
-0.7582045341414531
-0.7582045341414531
-0.7582045341414531
-0.7582045341414531
-0.7582045341414531
-0.7582045341414531
-0.7582045341414531
-0.7582045341414531
-0.7582045341414531
-0.7582045341414531
-0.7582045341414531
-0.7582045341414531
-0.7582045341414531
-0.7582045341414531
-0.7582045341414531
-0.7582045341414531
-0.7582045341414531
-0.7582045341414531
-0.7582045341414531
-0.7582045341414531
-0.7582045341414531
-0.7582045341414531
-0.7582045341414531
-0.7582045341414531
-0.7582045341414531
-0.7582045341414531
-0.7582045341414531
-0.7582045341414531
-0.7582045341414531
-0.7582045341414531
-0.7582045341414531
-0.7582045341414531
-0.7582045341414531
-0.7582045341414531
-0.7582045341414531
-0.7582045341414531
-0.7582045341414531
-0.7582045341414531
-0.7582045341414531
-0.7582045341414531
-0.7582045341414531
-0.7582045341414531
-0.7582045341414531
-0.7582045341414531
-0.7582045341414531
-0.7582045341414531
-0.7582045341414531
-0.7582045341414531
-0.7582045341414531
-0.7582045341414531
-0.7582045341414531
-0.7582045341414531
-0.7582045341414531
-0.7582045341414531
-0.7582045341414531
-0.7582045341414531
-0.7582045341414531
-0.7582045341414531
-0.7582045341414531
-0.7582045341414531
-0.7582045341414531
-0.7582045341414531
-0.7582045341414531
-0.7582045341414531
-0.7582045341414531
-0.7582045341414531
-0.7582045341414531
-0.7582045341414531
-0.7582045341414531
-0.7582045341414531
-0.7582045341414531
-0.7582045341414531
-0.7582045341414531
-0.7582045341414531
-0.7582045341414531
-0.7582045341414531
-0.7582045341414531
-0.7582045341414531
-0.7582045341414531
-0.7582045341414531
-0.7582045341414531
-0.7582045341414531
-0.7582045341414531
-0.7582045341414531
-0.7582045341414531
-0.7582045341414531
-0.7582045341414531
-0.7582045341414531
-0.7582045341414531
-0.7582045341414531
-0.7582045341414531
-0.7582045341414531
-0.7582045341414531
-0.7582045341414531
-0.7582045341414531
-0.7582045341414531
-0.7582045341414531
-0.7582045341414531
-0.7582045341414531
-0.7582045341414531
-0.7582045341414531
-0.7582045341414531
-0.7582045341414531
-0.7582045341414531
-0.7582045341414531
-0.7582045341414531
-0.7582045341414531
-0.7582045341414531
-0.7582045341414531
-0.7582045341414531
-0.7582045341414531
-0.7582045341414531
-0.7582045341414531
-0.7582045341414531
-0.7582045341414531
-0.7582045341414531
-0.7582045341414531
-0.7582045341414531
-0.7582045341414531
-0.7582045341414531
-0.7582045341414531
-0.7582045341414531
-0.7582045341414531
-0.7582045341414531
-0.7582045341414531
-0.7582045341414531
-0.7582045341414531
-0.7582045341414531
-0.7582045341414531
-0.7582045341414531
-0.7582045341414531
-0.7582045341414531
-0.7582045341414531
-0.7582045341414531
-0.7582045341414531
-0.7582045341414531
-0.7582045341414531
-0.7582045341414531
-0.7582045341414531
-0.7582045341414531
-0.7582045341414531
-0.7582045341414531
-0.7582045341414531
-0.7582045341414531
-0.7582045341414531
-0.7582045341414531
-0.7582045341414531
-0.7582045341414531
-0.7582045341414531
-0.7582045341414531
-0.7582045341414531
-0.7582045341414531
-0.7582045341414531
-0.7582045341414531
-0.7582045341414531
-0.7582045341414531
-0.7582045341414531
-0.7582045341414531
-0.7582045341414531
-0.7582045341414531
-0.7582045341414531
-0.7582045341414531
-0.7582045341414531
-0.7582045341414531
-0.7582045341414531
-0.7582045341414531
-0.7582045341414531
-0.7582045341414531
-0.7582045341414531
-0.7582045341414531
-0.7582045341414531
-0.7582045341414531
-0.7582045341414531
-0.7582045341414531
-0.7582045341414531
-0.7582045341414531
-0.7582045341414531
-0.7582045341414531
-0.7582045341414531
-0.7582045341414531
-0.7582045341414531
-0.7582045341414531
-0.7582045341414531
-0.7582045341414531
-0.7582045341414531
-0.7582045341414531
-0.7582045341414531
-0.7582045341414531
-0.7582045341414531
-0.7582045341414531
-0.7582045341414531
-0.7582045341414531
-0.7582045341414531
-0.7582045341414531
-0.7582045341414531
-0.7582045341414531
-0.7582045341414531
-0.7582045341414531
-0.7582045341414531
-0.7582045341414531
-0.7582045341414531
-0.7582045341414531
-0.7582045341414531
-0.7582045341414531
-0.7582045341414531
-0.7582045341414531
-0.7582045341414531
-0.7582045341414531
-0.7582045341414531
-0.7582045341414531
-0.7582045341414531
-0.7582045341414531
-0.7582045341414531
-0.7582045341414531
-0.7582045341414531
-0.7582045341414531
-0.7582045341414531
-0.7582045341414531
-0.7582045341414531
-0.7582045341414531
-0.7582045341414531
-0.7582045341414531
-0.7582045341414531
-0.7582045341414531
-0.7582045341414531
-0.7582045341414531
-0.7582045341414531
-0.7582045341414531
-0.7582045341414531
-0.7582045341414531
-0.7582045341414531
-0.7582045341414531
-0.7582045341414531
-0.7582045341414531
-0.7582045341414531
-0.7582045341414531
-0.7582045341414531
-0.7582045341414531
-0.7582045341414531
-0.7582045341414531
-0.7582045341414531
-0.7582045341414531
-0.7582045341414531
-0.7582045341414531
-0.7582045341414531
-0.7582045341414531
-0.7582045341414531
-0.7582045341414531
-0.7582045341414531
-0.7582045341414531
-0.7582045341414531
-0.7582045341414531
-0.7582045341414531
-0.7582045341414531
-0.7582045341414531
-0.7582045341414531
-0.7582045341414531
-0.7582045341414531
-0.7582045341414531
-0.7582045341414531
-0.7582045341414531
-0.7582045341414531
-0.7582045341414531
-0.7582045341414531
-0.7582045341414531
-0.7582045341414531
-0.7582045341414531
-0.7582045341414531
-0.7582045341414531
-0.7582045341414531
-0.7582045341414531
-0.7582045341414531
-0.7582045341414531
-0.7582045341414531
-0.7582045341414531
-0.7582045341414531
-0.7582045341414531
-0.7582045341414531
-0.7582045341414531
-0.7582045341414531
-0.7582045341414531
-0.7582045341414531
-0.7582045341414531
-0.7582045341414531
-0.7582045341414531
-0.7582045341414531
-0.7582045341414531
-0.7582045341414531
-0.7582045341414531
-0.7582045341414531
-0.7582045341414531
-0.7582045341414531
-0.7582045341414531
-0.7582045341414531
-0.7582045341414531
-0.7582045341414531
-0.7582045341414531
-0.7582045341414531
-0.7582045341414531
-0.7582045341414531
-0.7582045341414531
-0.7582045341414531
-0.7582045341414531
-0.7582045341414531
-0.7582045341414531
-0.7582045341414531
-0.7582045341414531
-0.7582045341414531
-0.7582045341414531
-0.7582045341414531
-0.7582045341414531
-0.7582045341414531
-0.7582045341414531
-0.7582045341414531
-0.7582045341414531
-0.7582045341414531
-0.7582045341414531
-0.7582045341414531
-0.7582045341414531
-0.7582045341414531
-0.7582045341414531
-0.7582045341414531
-0.7582045341414531
-0.7582045341414531
-0.7582045341414531
-0.7582045341414531
-0.7582045341414531
-0.7582045341414531
-0.7582045341414531
-0.7582045341414531
-0.7582045341414531
-0.7582045341414531
-0.7582045341414531
-0.7582045341414531
-0.7582045341414531
-0.7582045341414531
-0.7582045341414531
-0.7582045341414531
-0.7582045341414531
-0.7582045341414531
-0.7582045341414531
-0.7582045341414531
-0.7582045341414531
-0.7582045341414531
-0.7582045341414531
-0.7582045341414531
-0.7582045341414531
-0.7582045341414531
-0.7582045341414531
-0.7582045341414531
-0.7582045341414531
-0.7582045341414531
-0.7582045341414531
-0.7582045341414531
-0.7582045341414531
-0.7582045341414531
-0.7582045341414531
-0.7582045341414531
-0.7582045341414531
-0.7582045341414531
-0.7582045341414531
-0.7582045341414531
-0.7582045341414531
-0.7582045341414531
-0.7582045341414531
-0.7582045341414531
-0.7582045341414531
