-0.638852716315309
-0.5608183299514982
-0.41360382349138525
-0.5999530073463271
-0.496332785077495
-0.5848950862853
-0.5989417320120365
-0.341135157860055
-0.17273605105970424
-0.44518549754401326
-0.6173048440328193
-0.6524204710919788
-0.6788809973716992
-0.3448352010896938
-0.6520727559071309
-0.6132865658780344
-0.09679888863526798
-0.4406700637380234
-0.4395376740166641
-0.49551532953659794
-0.7528982255591463
-0.4476764231186665
-0.46677444059024586
-0.1400914523496295
-0.5455816900022439
-0.5828440183380559
-0.6273007014172334
-0.5874032806162075
-0.46709947438962174
-0.5097099108399907
-0.6025725771355626
-0.20776031980931342
-0.29719518112212895
-0.2257761799760638
-0.5360271585209391
-0.5885042425703231
-1.001207526910166
-0.5981741885448153
-0.5253159300822074
-0.26004306751630835
-0.3547126322047782
-0.24775054389832696
-0.3717768684623406
-0.6306105942120526
-0.4793204015931296
-0.5114451572063172
-0.2837766592027966
-0.4350172643507475
-0.5020528473924342
-0.38777206916691376
-0.3895271082975158
-0.17133129274175274
-0.17818628896480404
-0.02874463507199443
-0.535830851778982
-0.3754787129864654
-0.4077346202591128
-0.46275779783883464
-0.8537224658831002
-0.5539814926677911
-0.4685306520380992
-0.5900628724953145
-0.4057474428409671
-0.6417236994266717
-0.6445476932826428
-0.192940644177918
-0.532878205530295
-0.14957390483340638
-0.5082862401214834
-0.5314034192815507
-0.4551434335517237
-0.4465100626509082
-0.41776077385180677
-0.5621191068143288
-0.48412239945174185
-0.520069114382659
-0.5286451715575351
-0.4768476090909546
-0.5299568766363583
-0.9243534000117675
-0.946066990700398
-0.9011329299608535
-0.5876006736366504
-0.3098338422101816
-0.44340474174300915
-0.312843757084609
-0.5878432668722604
-0.48842803343812036
-0.3839800690413193
-0.3625106756267422
-0.5292324929557972
-0.5017263744692888
-0.4975364853883517
-0.618427321587699
-0.47570979412845715
-0.7492243724033594
-0.831490342047976
-0.523063952152153
-0.557592084221392
-0.6396492721442273
-0.6075343231884316
-0.5544152576572186
-0.47711830433807
-0.4616297799269391
-0.4616297799269391
-0.4015369274480205
-0.4616297799269391
-0.5196870292754505
-0.08812407993955396
-0.2168609661401104
-0.2189763934480753
-0.27789211213461207
-0.9896711868743411
-0.5343042693912812
-0.637493220258875
-0.5070556226326628
-0.5833978445451373
-0.527797140435023
-0.4555612821605892
-0.430828275958971
-0.4405956350881437
-0.1775706534056345
-0.48578789744672846
-0.48373674448995074
-0.4702336347190632
-0.4452602567937267
-0.5381247657651185
-0.5162190752509195
-0.6675098786204001
-0.6389255639447418
-0.6455296086451694
-0.6593436578236298
-0.15344181130449797
-0.6701916765627158
-0.6154419598426892
-0.6970098871863681
-0.690155108219894
-0.6604746930618715
-0.6425813122513693
-0.6521322889347638
-0.6155583877090558
-0.6979412392443878
-0.9946865227920154
-0.4238515673021188
-1.000218475802084
-0.9852176010539553
-0.9998501243302156
-1.0016007696349527
-0.6497277867572409
-0.9576411975793364
-0.133902767051987
-0.07274515153765981
-0.2745793203251805
-0.46836106275930844
-0.6471206052851703
-0.43053285534964814
-0.3868759676758857
-0.450357605934119
-0.6660519317344666
-0.6012483588117854
-0.19331851165861358
-0.18573174883218235
-0.4454714335398877
-0.6835251262153503
-0.6657834343777862
-0.7124702621888124
-0.17859759587008184
-0.68483767739891
-0.4200871490390907
-0.9851080403583337
-0.43183704424314384
-0.883004020149867
-0.4507692773909786
-0.5741406310319286
-0.44283603525420623
-0.6843770364531261
-0.5870290958613127
-0.7487751302701466
-0.42327644979786405
-0.44952771038249195
-0.4071161701605044
-0.7468340525296833
-0.5187431574967662
-0.5965059599052596
-0.4307765948167839
-0.5895019629837959
-0.3134144707077515
-0.49224150677644807
-0.4259697373231697
-0.13202249581436099
-0.4512898706459738
-0.47429460597498774
-0.5859211646947473
-0.40332375844413426
-0.7747591499370061
-0.3357539444285942
-0.31343191559422734
-0.46664294433786124
-0.4616297799269391
-0.4242436751672167
-0.4143646538165642
-0.6002697307719485
-0.43923555312543683
-0.4169808332278657
-0.5385051768853797
-0.3843276972741092
-0.4932312816877713
-0.34553756914920775
-0.4977850967638877
-0.17755072168367092
-0.17448631453562746
-0.481376445301702
-0.16965099753370416
-0.6047153762733186
-0.7490262367426526
-0.4036554212420904
-0.4948249051611524
-0.5629963269051534
-0.5519160824035241
-0.5385344454584009
-0.6420986741682044
-0.5112266305501174
-0.5369648823959066
-0.4616297799269391
-0.6579393374254907
-0.5988775250135772
-0.5570641258697664
-0.6119038328189708
-0.6105050611069858
-0.517365294892979
-0.38346753650629295
-0.44268508848455723
-0.5736626585755109
-0.5894986771174133
-0.31793332148212605
-0.5045916530076953
-0.9278794306427949
-0.9978206582394937
-0.7505400053175622
-0.8410100859320584
-0.9776056498117514
-0.7520010192843409
-0.5480204389147045
-0.5063582097396375
-0.6043706528301536
-0.3978272885499139
-0.4861376757167901
-0.5772948599496706
-0.3950933736111162
-0.4616297799269391
-0.4685811099017092
-0.6252324138587946
-0.5865759492801013
-0.5299681349187446
-0.9808946712735318
-0.5120259581097633
-0.15537597233560851
-0.47629055364443906
-0.3784883596873436
-0.6493862681126303
-0.5678375568104845
-0.3241525856573728
-0.16425553047769603
-0.3943121342671476
-1.0002738934480904
-0.5494584004358154
-0.9998977547622834
-0.5774662894680167
-0.5922081653258837
-0.2892313543077234
-0.5778367796410693
-0.6139922441318022
-0.24473310003078708
-0.5847667533032419
-0.5182461219575989
-0.552241731494229
-0.5083995521474554
-0.4616297799269391
-0.5679631819892454
-0.5207635801624233
-0.4146834629284226
-0.7907925216726353
-0.4956672958522981
-0.5088851140687713
-0.34607743988196815
-0.23971597809780198
-0.22984222239607788
-0.255259766238076
-0.5826567059558216
-0.6466063543954037
-0.3768662757267085
-0.4417543583675074
-0.20209264565355567
-0.4616297799269391
-0.5796166509660592
-0.17311040029933067
-0.5148737577299689
-0.5352300131659147
-0.4771858188053313
-0.8615179197358704
-0.433603357526019
-0.9593546629016705
-0.4668428869174759
-0.47621018369722967
-0.45856784546494267
-0.34482297470602474
-0.5301622361970304
-0.12936993810954944
-0.12046263947726898
-0.08818533409673868
-0.7907925216726353
-0.5716394222386751
-0.5941401035630756
-0.4787736365498725
-0.4260526358143151
-0.4394433119869168
-0.5521042408377175
-0.4592886768216269
-0.22742340756859547
-0.5526999811077464
-0.3966416737727625
-0.42935777289133426
-0.7044762962551763
-0.3964019772871905
-0.47524333937987406
-0.43516390409193106
-0.44022327917785886
-0.4447029431222622
-0.6249375899056522
-0.7787042749462569
-0.5225564806487648
-0.5584632641240501
-0.40001892510004367
-0.363756786372363
-0.38305570811010603
-0.47856214969140054
-0.5888408616253817
-0.6028119417600981
-0.14110378179846328
-0.4509389088263889
-0.5412110872271947
-0.7762440949751068
-0.7717189268814175
-0.4591815221745461
-0.5580250482922045
-0.5413895189438003
-0.5856551101426672
-0.5441377387583619
-0.48126061923478836
-0.4182743743939292
-0.20617678956245888
-0.4065435272689404
-0.651121782403189
-0.4567728095054304
-0.4604032786398997
-0.4882349448796448
-0.5624083599148262
-0.3940819970528897
-0.6461514148478018
-0.44856130962131124
-0.4616297799269391
-0.475553301105476
-0.5549817868598745
-0.5566421201018075
-0.38004179094164114
-0.42258882809513465
-0.4400803394755568
-0.6438245408655019
-0.626058582194444
-0.4448939765281936
-0.4576553962451102
-0.34869185273387493
-0.5112538281820969
-0.5871054530108795
-0.5505936262869022
-0.38689541565769026
-0.5252101318918372
-0.4616297799269391
-0.48474626605822
-0.5164368333648051
-0.612230499986335
-0.4309318654804224
-0.4432556709717852
-0.4616297799269391
-0.6167954798669528
-0.4458332272862895
-0.6138563523242568
-0.41019163575948325
-0.3923744394585069
-0.5412184401516951
-0.5968258052985644
-0.6719991603619062
-0.49526941146731907
-0.6540338256940801
-0.6322371518455421
-0.168722067362294
-0.41828054854256336
-0.5171607154521725
-0.41002069928248
-0.519696950479801
-0.6740711918471651
-0.39943226778225926
-0.5354915275883287
-0.5927664877096228
-0.5543696617657419
-0.6154548006674874
-0.7783626776746322
-0.5783838885619443
-0.5074041364277144
-0.19301528187011008
-0.6187456301605481
-0.635672196123682
-0.5116564833874919
-0.3905475278829582
-0.4309461121371123
-0.6095608814249311
-0.37326908180433604
-0.5737852422606762
-0.5137112594518827
-0.459197801023979
-0.5681304838746379
-0.41492420773574223
-0.3199546369173871
-0.6445476932826428
-0.25071319749267906
-0.5742703287016846
-0.5817021483381415
-0.632346353277798
-0.5568769401962432
-0.5903375819877235
-0.6224816926560768
-0.5455853987454835
-0.5801349963839113
-0.5469644263432529
-0.5841368309687842
-0.5623327168310899
-0.5639949823155808
-0.5665985349099019
-0.5372788914291193
-0.5601931788615742
-0.5568254952065901
-0.6010825067587449
-0.486684008142207
-0.4665228349437187
-0.5741794460243275
-0.6531972534303347
-0.574905287596678
-0.44325817730084416
-0.5074653507342572
-0.4073888520567086
-0.6053650356810854
-0.5625076385596353
-0.37926218637368136
-0.5670162301838706
-0.4616297799269391
-0.48795232981760583
-0.4943474904119822
-0.47199310181075993
-0.40420899369364505
-0.6374344045843701
-0.5123210131026761
-0.486278358312491
-0.38225165307852804
-0.3716047096340078
-0.44210201933861426
-0.846035281281434
-0.4978174556184649
-0.5220335559713634
-0.6521801839667043
-0.5905507462190103
-0.7387851879072416
-0.6695877039887195
-0.28390277480365866
-0.14179923579355402
-0.5756711725859043
-0.4800289384911307
-0.446795675772268
-0.7592821195141164
-0.5591861766182313
-0.549946689363338
-0.5091939102084433
-0.8368546682782119
-0.7907925216726353
-0.16895635989683533
-0.4308348094380212
-0.644909139210126
-0.49067747147959984
-0.555220781014581
-0.6367099096542572
-0.5511059920511856
-0.6816614913299242
-0.619293998805478
-0.4812146739401688
-0.4273789203645
-0.5477926862778586
-0.5688844184754556
-0.5319677235674349
-0.49077236802124324
-0.6439356726763579
-0.40622516334468073
-0.4958794246070093
-0.4994682896650422
-0.18640855050993976
-0.62919660584639
-0.45350816987203735
-0.51706473325979
-0.08539191604307184
0.00995331484143791
-0.3843487670280543
-0.5322506641472609
-0.43722726209878693
-0.41686122605872256
-0.278124641923595
-0.5332467988709
-0.27772626572927783
-0.42548308080897335
-0.43324658918021774
-0.581242379526367
-0.2604303828523802
-0.4946638886894552
-0.4029961707804224
-0.3825654965618559
-0.6578699154068948
-0.6211235847763434
-0.4616297799269391
-0.42247499003264877
-0.4616297799269391
-0.4616297799269391
-0.5937353453387606
-0.5854792448218331
-0.577562929859244
-0.539681222608994
-0.35926865615312464
-0.5011776427098711
-0.5288703112926283
-0.431716463598091
-0.5111582159984669
-0.4616297799269391
-0.5305670973489087
-0.5117909413130677
-0.4048817995005114
-0.2518456838257046
-0.5555408574374245
-0.7907925216726353
-0.5729835849707283
-0.6043392962438412
-0.4616297799269391
-0.6144396767260323
-0.5945773209945722
-0.42809351116826355
-0.5313931348953973
-0.5730447278751425
-0.4616297799269391
-0.4951083937540479
-0.27015557345818464
-0.4899967797434692
-0.43275156568130924
-0.801990066490182
-0.4574310927757492
-0.6696920304634781
-0.24038118429146293
-0.41254029270025305
-0.4922520151349532
-0.4145895860164577
-0.39104629750362263
-0.4653890669584084
-0.22486170112357562
-0.42266390247543995
-0.4620526825939668
-0.48673790148898965
-0.5722076731074812
-0.4463636152197823
-0.9448044053781073
-0.5666990199319153
-0.5368286977013665
-0.5098030628373935
-0.5058535379870379
-0.4616297799269391
-0.4004539186106848
-0.4452959233726508
-0.39743472765831966
-0.5202173807374082
-0.4616297799269391
-0.6000983564488214
-0.5005047865145718
-0.4616297799269391
-0.35278171255727364
-0.3591342073817463
-0.5887514870503574
-0.5543208717961912
-0.41883522318180666
-0.507405450209111
-0.5423381996664174
-0.8174765096906336
-0.5086728582129305
-0.4091846796305221
-0.6048613420782709
-0.23544704612270606
-0.36447195996260695
-0.12031144763597346
-0.3818904627525066
-0.5244598253306589
-0.59611764353418
-0.5061028358247925
-0.7692764907815339
-0.4939301293484559
-0.45412723914508013
-0.5662475608831856
-0.4969346653228859
-0.7863853932505103
-0.4544631951033169
-0.3871252949383661
-0.4791152502969511
-0.5537182927113251
-0.32120103559592805
-0.4298463496846521
-0.6546460514869741
-0.5203438406074594
-0.3614935169352227
-0.5070991699506047
-0.5462252203613198
-0.5904976861340943
-0.4753269059864491
-0.9282811651982799
-0.7682965907258212
-0.5260127105603158
-0.5429012556745112
-0.18456818648883533
-0.42656873328818157
-0.5132151170364148
-0.2188387983609681
-0.5191539181419509
-0.5602827591245363
-0.521342458807325
-0.5909086444063509
-0.5944605166483858
-0.4366205324820329
-0.6251780460154668
-0.5150420946303311
-0.4912584396122719
-0.5972944110466682
-0.022762140169850786
-0.3691044142762008
-0.39516795857563536
-0.571060525531349
-0.2406302170820227
-0.5134241378861366
-0.33588304893625476
-0.3406821640781812
-0.4325890671654127
-0.4668353456231171
-0.42662375482607984
-0.7235755643555988
-0.3900353793598812
-0.5339347590927372
-0.400745786992166
-0.3999824742764806
-0.3833242914379438
-0.503413813710601
-0.43177959289720014
-0.7048090919055114
-0.4117792585557767
-0.46433281480355304
-0.4559629846744604
-0.5380619609690667
-0.6945585325872903
-0.549107330860467
-0.3247677267769651
-0.5351866603697422
-0.5225461252480998
-0.5027503351527078
-0.4845337249243806
-0.42830295239491156
-0.4308308137578061
-0.43340456846535047
-0.5663630370274662
-0.5418046455486143
-0.33048210487256724
-0.6500604129773444
-0.25911084844957144
-0.4458753382677292
-0.30102599074401915
-0.45421877532418775
-0.9002264381693708
-0.6264540785529105
-0.45434458005719214
-0.6728291202333307
-0.7507639885216901
-0.579793883210703
-0.4616297799269391
-0.5718999870183372
-0.7214232438545325
-0.3875142362693553
-0.6564484783780811
-0.6560587911321976
-0.5518018166994343
-0.49476740865061486
-0.5325138878812952
-0.5621124068897279
-0.6749646328816092
-0.23560565952791968
-0.5004406301676381
-0.6284263892493962
-0.5698257360827108
-0.5609320475452788
-0.38992918670641585
-0.5389302026113556
-0.5718312874842348
-0.5077955471444626
-0.4231876750759651
-0.46736271453789313
-0.9901150221034045
-0.9745815765570425
-0.6618046792770558
-0.3349284802046293
-0.40380289914573964
-0.430727501035127
-0.7907925216726353
-0.4452670355328274
-0.48597511086312095
-0.9958345595271874
-0.37960600120242716
-0.6270770414407829
-0.4848281768158331
-0.14111629988570207
-0.648674852230714
-0.6247468572779462
-0.5338915240270266
-0.5204907558061558
-0.5620102545462389
-0.8251782989322007
-0.13784326545776593
-0.5921746588321797
-0.5985766747700134
-0.15658450007937907
-0.39428093153010635
-0.5040360958545624
-0.18416732435049865
-0.7907925216726353
-0.4345615266093057
-0.4752052692469133
-0.4734783497868855
-0.6583424883157674
-0.5910806919615366
-0.5055374836086217
-0.21453521393859787
-0.8140579547864737
-0.5520129449763063
-0.47443797711491675
-0.44930014557109543
-0.6284891930463858
-0.5917755466222905
-0.538185071834574
-0.13443266614589588
-0.6132859635218695
-0.42632016560646924
-0.4285134395983421
-0.5116017952000502
-0.5802150428914439
-0.6377432879461933
-0.4096704551724686
-0.5259352773715731
-0.5123271972452057
-0.4616297799269391
-0.4616297799269391
-0.7907925216726353
-0.5565604993196904
-0.6751464659120818
-0.5132508505549571
-0.66040270418007
-0.6250863723390745
-0.5285919324841826
-0.465911954523605
-0.5619082447790171
-0.44014770900274747
-0.41341986140267983
-0.42226499533299466
-0.4463299123081901
-0.7138679475647967
-0.20757544431087616
-0.4616297799269391
-0.5156357519343737
-0.23340916262383948
-0.632413357482507
-0.6801581428559744
-0.37581934623937996
-0.371544910283937
-0.36294623222169675
-0.395667300416658
-0.4090081697215753
-0.47131817656400954
-0.4250145445283502
-1.0024188142466774
-0.48299810774724583
-0.47988471508929265
-0.20564608100550408
-0.4903679688425979
-0.6359086182959179
-0.44735224247890826
-0.9081969900839846
-0.6383740847750248
-0.48372257015562936
-0.6102744809245821
-0.4774258275000791
-0.7907925216726353
-0.6224404339287746
-0.9100715307821223
-0.4616297799269391
-0.5776095190903374
-0.585658534103908
-0.4357870032962301
-0.4961653764633718
-0.4538652197318045
-0.43563350639083054
-0.5349641227675261
-0.416283535374397
-0.5492728850837645
-0.4610562016144184
-0.5747178066654788
-0.5802792733013236
-0.4616297799269391
-0.6724451026747909
-0.40807871247578453
-0.43706289585390556
-0.42882332647840093
-0.545363050385802
-0.4801282510762126
-0.5020030228147048
-0.6423218170673548
-0.2793669466416906
-0.4756184339731069
-0.6103923640680973
-0.7060292811355191
-0.6195302429389657
-0.4616297799269391
-0.8893592668725494
-0.42925674163353356
-0.5090546343016855
-0.3885632207879064
-0.3968266507533327
-0.5691673994605162
-0.6006386631273892
-0.5099394395075885
-0.5199581513572136
-0.4301195565688347
-0.6136102162855364
-0.42239267651550505
-0.8686656281409453
-0.5334318979869594
-0.4938900015358525
-0.5844303750619593
-0.17981886464644936
-0.5041416388715427
-0.48259295284031345
-0.3664445846355553
-0.4882274593062499
-0.5967376052330697
-0.4332483301813903
-0.30083313879890894
-0.5909522706674613
-0.21867139279295222
-0.40244168340772446
-0.1473531796503289
-0.38707773134519363
-0.2558641274426685
-0.4486360145046804
-0.44463160853032035
-0.534775008879018
-0.6015460233445589
-0.5167984377444943
-0.5597126488076876
-0.4027242663165145
-0.9045309725451529
-0.7754902430761932
-0.2280976350263353
-0.6632481593724522
-0.5587200204210789
-0.6306904030816598
-0.5492686623598606
-0.7140238891376087
-0.2616135625155598
-0.7480219023151873
-0.3226145263104063
-0.3848720393033618
-0.7505219971016233
-0.7093799505195333
-0.43287849897096975
-0.7515614261096031
-0.9918168253158617
-0.744076384227206
-0.8659814863807094
-0.600284303090511
-0.2833513900776461
-0.4880429066661891
-0.6826231043436264
-0.34444565027802887
-0.5130104914150093
-0.5279946610905097
-0.5243054215487033
-0.25025465021736415
-0.1935234550888223
-0.4228825604677906
-0.4616297799269391
-0.6193050948086982
-0.7907925216726353
-0.6012727731992056
-0.3916853663866051
-0.43440968673254843
-0.2164092049847548
-0.6266450388531639
-0.3011781364989845
-0.42635430331760893
-0.4402571031043363
-0.7812527942069563
-0.5632141826841186
-0.6510061002617993
-0.5748724304009618
-0.38895374337499233
-0.57439903418558
-0.3716373183832429
-0.519942598053676
-0.3913361984118102
-0.16644014071787594
-0.520414113174201
-0.6283162412544507
-0.4454790574083185
-0.5785704249356411
-0.46592246572693674
-0.5018342677481369
-0.730991041491938
-0.7893637687715189
-0.673751799440671
-0.4398656433806296
-0.6016832539588071
-0.4399136336935088
-0.9324704347960056
-0.40419079792815693
-0.3785823569523321
-0.6354795803634514
-0.6947386411644254
-0.3089529828926538
-0.437582394901497
-0.6961231606509253
-0.5107533225885701
-0.49002886962094805
-0.5124627600754275
-0.5406960466464221
-0.6300880832085054
-0.46636390929118554
-0.611728869997126
-0.7510032424488828
-0.5859625084654263
-0.5028812926071404
-0.26671732149048366
-0.343434039459831
-0.5467712301425303
-0.6529306342987906
-0.5737595759475729
-0.24531893825116646
-0.5619397121829424
-0.6704327220657935
-0.6688642337176949
-0.6893243805713014
-0.6156792707244365
-0.224818998976829
-0.4638093318319727
-0.7201919409985178
-0.7708523117216879
-0.6520494134170389
-0.3792152003621181
-0.5480903153263144
-0.41132105559798204
-0.5675256057674927
-0.6169618161616055
-0.6787123350228208
-0.5341789353132051
-0.6351663891419255
-0.6386556373243637
-0.15210443198217027
-0.6346005588958652
-0.6807834386050986
-0.5619737542888819
-0.2472352268503213
-0.7385519904121709
-0.37148626446797706
-0.4396228848483099
-0.4216743161180465
-0.7511438423706343
-0.23102256261247134
-0.24246925087416904
-0.5705076200641519
-0.22357845001499377
-0.8422110675042782
-0.7345442445537207
-0.6602936281498477
-0.6296998237323022
-0.4616297799269391
-0.6724129024890482
-0.7494296894185337
-0.34299427666743276
-0.22944783410895098
-0.3090797006698105
-0.45456358501534466
-0.5194903921019944
-0.7324250283397349
-0.7517773441072231
-0.7470783046789256
-0.7256743297072317
-0.7717217856319782
-0.3694666383644749
-0.48160315603948844
-0.6176905527093799
-0.47991162337985194
-0.33066427652729025
-0.3355008665088606
-0.5501800143156002
-0.4276620492165806
-0.45876541642288493
-0.301961356930567
-0.5865847462012288
-0.6536949364898772
-0.12062607465306896
-0.3749944079226777
-0.7729178166477071
-0.48054363274321843
-0.4687248513820277
-0.4031792282217965
-0.6527620188884933
-0.4499658942786515
-0.4958773048793501
-0.5513099072047962
-0.5353027951875082
-0.5149477091218377
-0.5740101872219598
-0.4731744612408393
-0.9581215615955931
-0.37511922606133985
-0.9947180756523808
-0.5881754111544522
-0.5185150683949453
-0.486570319170603
-0.4217040449278959
-0.4104450039794043
-0.4257306587373717
-0.2681471516727496
-0.3963894440683349
-0.3242926855838719
-0.5451209545361164
-0.5347895966148319
-0.4158418753006392
-0.320744448754789
-0.3773264365415725
-0.40002698504083134
-0.3989307525643395
-0.6492794333787832
-0.4866214387298198
-0.41976737871456016
-0.31871943833220207
-0.6782726507747723
-0.512486585891178
-0.737864313498674
-0.37926674427902873
-0.5032554354666077
-0.5925198092761119
-0.5133056312550417
-0.4758927589032458
-0.42711928104088215
-0.547175479873532
-0.5004532250439853
-0.5481545201682338
-0.23753887652108197
-0.5679024592458892
-0.5645306423057634
-0.9587146965664421
-0.45512649233693714
-0.43366287713579665
-0.48632186695230195
-0.5586780277940553
-0.5689551984144268
-0.5817250851935201
-0.5802061663368716
-0.40332375844413426
-0.5879628091063454
-0.3720713182367559
-0.5808758550994246
-0.7625110034922995
-0.3633042259237962
-0.562739232408864
-0.40281693000889773
-0.5761511492624984
-0.42733007754327423
-0.4154359223878108
-0.5988736415278468
-0.39443491841189426
-0.40764317503239567
-0.37825210312291957
-0.3783257543561207
-0.36671265092996363
-0.4699994726791734
-0.5792323964479882
-0.02555458653285725
-0.48437903612535904
-0.5080596905862913
-0.6954496656823606
-0.7512827638788371
-0.41109523368860024
-0.46078725892987804
-0.45964903004723623
-0.4769214637843733
-0.5026398138811314
-0.5390315255301787
-0.47624853652764876
-0.4270678142936981
-0.45210168175118937
-0.47570013226366803
-0.4335290999930821
-0.4383952910363218
-0.4616297799269391
-0.4616297799269391
-0.4616297799269391
-0.4616297799269391
-0.4616297799269391
-0.4616297799269391
-0.4616297799269391
-0.4616297799269391
-0.4616297799269391
-0.4616297799269391
-0.4616297799269391
-0.4616297799269391
-0.4616297799269391
-0.4616297799269391
-0.4616297799269391
-0.4616297799269391
-0.4616297799269391
-0.4616297799269391
-0.4616297799269391
-0.4616297799269391
-0.4616297799269391
-0.4616297799269391
-0.4616297799269391
-0.4616297799269391
-0.4616297799269391
-0.4616297799269391
-0.4616297799269391
-0.4616297799269391
-0.4616297799269391
-0.4616297799269391
-0.4616297799269391
-0.4616297799269391
-0.4616297799269391
-0.4616297799269391
-0.4616297799269391
-0.4616297799269391
-0.4616297799269391
-0.4616297799269391
-0.4616297799269391
-0.4616297799269391
-0.4616297799269391
-0.4616297799269391
-0.4616297799269391
-0.4616297799269391
-0.4616297799269391
-0.4616297799269391
-0.4616297799269391
-0.4616297799269391
-0.4616297799269391
-0.4616297799269391
-0.4616297799269391
-0.4616297799269391
-0.4616297799269391
-0.4616297799269391
-0.4616297799269391
-0.4616297799269391
-0.4616297799269391
-0.4616297799269391
-0.4616297799269391
-0.4616297799269391
-0.4616297799269391
-0.4616297799269391
-0.4616297799269391
-0.4616297799269391
-0.4616297799269391
-0.4616297799269391
-0.4616297799269391
-0.4616297799269391
-0.4616297799269391
-0.4616297799269391
-0.4616297799269391
-0.4616297799269391
-0.4616297799269391
-0.4616297799269391
-0.4616297799269391
-0.4616297799269391
-0.4616297799269391
-0.4616297799269391
-0.4616297799269391
-0.4616297799269391
-0.4616297799269391
-0.4616297799269391
-0.4616297799269391
-0.4616297799269391
-0.4616297799269391
-0.4616297799269391
-0.4616297799269391
-0.4616297799269391
-0.4616297799269391
-0.4616297799269391
-0.4616297799269391
-0.4616297799269391
-0.4616297799269391
-0.4616297799269391
-0.4616297799269391
-0.4616297799269391
-0.4616297799269391
-0.4616297799269391
-0.4616297799269391
-0.4616297799269391
-0.4616297799269391
-0.4616297799269391
-0.4616297799269391
-0.4616297799269391
-0.4616297799269391
-0.4616297799269391
-0.4616297799269391
-0.4616297799269391
-0.4616297799269391
-0.4616297799269391
-0.4616297799269391
-0.4616297799269391
-0.4616297799269391
-0.4616297799269391
-0.4616297799269391
-0.4616297799269391
-0.4616297799269391
-0.4616297799269391
-0.4616297799269391
-0.4616297799269391
-0.4616297799269391
-0.4616297799269391
-0.4616297799269391
-0.4616297799269391
-0.4616297799269391
-0.4616297799269391
-0.4616297799269391
-0.4616297799269391
-0.4616297799269391
-0.4616297799269391
-0.4616297799269391
-0.4616297799269391
-0.4616297799269391
-0.4616297799269391
-0.4616297799269391
-0.4616297799269391
-0.4616297799269391
-0.4616297799269391
-0.4616297799269391
-0.4616297799269391
-0.4616297799269391
-0.4616297799269391
-0.4616297799269391
-0.4616297799269391
-0.4616297799269391
-0.4616297799269391
-0.4616297799269391
-0.4616297799269391
-0.4616297799269391
-0.4616297799269391
-0.4616297799269391
-0.4616297799269391
-0.4616297799269391
-0.4616297799269391
-0.4616297799269391
-0.4616297799269391
-0.4616297799269391
-0.4616297799269391
-0.4616297799269391
-0.4616297799269391
-0.4616297799269391
-0.4616297799269391
-0.4616297799269391
-0.4616297799269391
-0.4616297799269391
-0.4616297799269391
-0.4616297799269391
-0.4616297799269391
-0.4616297799269391
-0.4616297799269391
-0.4616297799269391
-0.4616297799269391
-0.4616297799269391
-0.4616297799269391
-0.4616297799269391
-0.4616297799269391
-0.4616297799269391
-0.4616297799269391
-0.4616297799269391
-0.4616297799269391
-0.4616297799269391
-0.4616297799269391
-0.4616297799269391
-0.4616297799269391
-0.4616297799269391
-0.4616297799269391
-0.4616297799269391
-0.4616297799269391
-0.4616297799269391
-0.4616297799269391
-0.4616297799269391
-0.4616297799269391
-0.4616297799269391
-0.4616297799269391
-0.4616297799269391
-0.4616297799269391
-0.4616297799269391
-0.4616297799269391
-0.4616297799269391
-0.4616297799269391
-0.4616297799269391
-0.4616297799269391
-0.4616297799269391
-0.4616297799269391
-0.4616297799269391
-0.4616297799269391
-0.4616297799269391
-0.4616297799269391
-0.4616297799269391
-0.4616297799269391
-0.4616297799269391
-0.4616297799269391
-0.4616297799269391
-0.4616297799269391
-0.4616297799269391
-0.4616297799269391
-0.4616297799269391
-0.4616297799269391
-0.4616297799269391
-0.4616297799269391
-0.4616297799269391
-0.4616297799269391
-0.4616297799269391
-0.4616297799269391
-0.4616297799269391
-0.4616297799269391
-0.4616297799269391
-0.4616297799269391
-0.4616297799269391
-0.4616297799269391
-0.4616297799269391
-0.4616297799269391
-0.4616297799269391
-0.4616297799269391
-0.4616297799269391
-0.4616297799269391
-0.4616297799269391
-0.4616297799269391
-0.4616297799269391
-0.4616297799269391
-0.4616297799269391
-0.4616297799269391
-0.4616297799269391
-0.4616297799269391
-0.4616297799269391
-0.4616297799269391
-0.4616297799269391
-0.4616297799269391
-0.4616297799269391
-0.4616297799269391
-0.4616297799269391
-0.4616297799269391
-0.4616297799269391
-0.4616297799269391
-0.4616297799269391
-0.4616297799269391
-0.4616297799269391
-0.4616297799269391
-0.4616297799269391
-0.4616297799269391
-0.4616297799269391
-0.4616297799269391
-0.4616297799269391
-0.4616297799269391
-0.4616297799269391
-0.4616297799269391
-0.4616297799269391
-0.4616297799269391
-0.4616297799269391
-0.4616297799269391
-0.4616297799269391
-0.4616297799269391
-0.4616297799269391
-0.4616297799269391
-0.4616297799269391
-0.4616297799269391
-0.4616297799269391
-0.4616297799269391
-0.4616297799269391
-0.4616297799269391
-0.4616297799269391
-0.4616297799269391
-0.4616297799269391
-0.4616297799269391
-0.4616297799269391
-0.4616297799269391
-0.4616297799269391
-0.4616297799269391
-0.4616297799269391
-0.4616297799269391
-0.4616297799269391
-0.4616297799269391
-0.4616297799269391
-0.4616297799269391
-0.4616297799269391
-0.4616297799269391
-0.4616297799269391
-0.4616297799269391
-0.4616297799269391
-0.4616297799269391
-0.4616297799269391
-0.4616297799269391
-0.4616297799269391
-0.4616297799269391
-0.4616297799269391
-0.4616297799269391
-0.4616297799269391
-0.4616297799269391
-0.4616297799269391
-0.4616297799269391
-0.4616297799269391
-0.4616297799269391
-0.4616297799269391
-0.4616297799269391
-0.4616297799269391
-0.4616297799269391
-0.4616297799269391
-0.4616297799269391
-0.4616297799269391
-0.4616297799269391
-0.4616297799269391
-0.4616297799269391
-0.4616297799269391
-0.4616297799269391
-0.4616297799269391
-0.4616297799269391
-0.4616297799269391
-0.4616297799269391
-0.4616297799269391
-0.4616297799269391
-0.4616297799269391
-0.4616297799269391
-0.4616297799269391
-0.4616297799269391
-0.4616297799269391
-0.4616297799269391
-0.4616297799269391
-0.4616297799269391
-0.4616297799269391
-0.4616297799269391
-0.4616297799269391
-0.4616297799269391
-0.4616297799269391
-0.4616297799269391
-0.4616297799269391
-0.4616297799269391
-0.4616297799269391
-0.4616297799269391
-0.4616297799269391
-0.4616297799269391
-0.4616297799269391
-0.4616297799269391
-0.4616297799269391
-0.4616297799269391
-0.4616297799269391
-0.4616297799269391
-0.4616297799269391
-0.4616297799269391
-0.4616297799269391
-0.4616297799269391
-0.4616297799269391
-0.4616297799269391
-0.4616297799269391
-0.4616297799269391
-0.4616297799269391
-0.4616297799269391
-0.4616297799269391
-0.4616297799269391
-0.4616297799269391
-0.4616297799269391
-0.4616297799269391
-0.4616297799269391
-0.4616297799269391
-0.4616297799269391
-0.4616297799269391
-0.4616297799269391
-0.4616297799269391
-0.4616297799269391
-0.4616297799269391
-0.4616297799269391
-0.4616297799269391
-0.4616297799269391
-0.4616297799269391
-0.4616297799269391
-0.4616297799269391
-0.4616297799269391
-0.4616297799269391
-0.4616297799269391
-0.4616297799269391
-0.4616297799269391
-0.4616297799269391
-0.4616297799269391
-0.4616297799269391
-0.4616297799269391
-0.4616297799269391
-0.4616297799269391
-0.4616297799269391
-0.4616297799269391
-0.4616297799269391
-0.4616297799269391
-0.4616297799269391
-0.4616297799269391
-0.4616297799269391
-0.4616297799269391
-0.4616297799269391
-0.4616297799269391
-0.4616297799269391
-0.4616297799269391
-0.4616297799269391
-0.4616297799269391
-0.4616297799269391
-0.4616297799269391
-0.4616297799269391
-0.4616297799269391
-0.4616297799269391
-0.4616297799269391
-0.4616297799269391
-0.4616297799269391
-0.4616297799269391
-0.4616297799269391
-0.4616297799269391
-0.4616297799269391
-0.4616297799269391
-0.4616297799269391
-0.4616297799269391
-0.4616297799269391
-0.4616297799269391
-0.4616297799269391
-0.4616297799269391
-0.4616297799269391
-0.4616297799269391
-0.4616297799269391
-0.4616297799269391
-0.4616297799269391
-0.4616297799269391
-0.4616297799269391
-0.4616297799269391
-0.4616297799269391
-0.4616297799269391
-0.4616297799269391
-0.4616297799269391
-0.4616297799269391
-0.4616297799269391
-0.4616297799269391
-0.4616297799269391
-0.4616297799269391
-0.4616297799269391
-0.4616297799269391
-0.4616297799269391
-0.4616297799269391
-0.4616297799269391
-0.4616297799269391
-0.4616297799269391
-0.4616297799269391
-0.4616297799269391
-0.4616297799269391
-0.4616297799269391
-0.4616297799269391
-0.4616297799269391
-0.4616297799269391
-0.4616297799269391
-0.4616297799269391
-0.4616297799269391
-0.4616297799269391
-0.4616297799269391
-0.4616297799269391
-0.4616297799269391
-0.4616297799269391
-0.4616297799269391
-0.4616297799269391
-0.4616297799269391
-0.4616297799269391
-0.4616297799269391
-0.4616297799269391
-0.4616297799269391
-0.4616297799269391
-0.4616297799269391
-0.4616297799269391
-0.4616297799269391
-0.4616297799269391
-0.4616297799269391
-0.4616297799269391
-0.4616297799269391
-0.4616297799269391
-0.4616297799269391
-0.4616297799269391
-0.4616297799269391
-0.4616297799269391
-0.4616297799269391
-0.4616297799269391
-0.4616297799269391
-0.4616297799269391
-0.4616297799269391
-0.4616297799269391
-0.4616297799269391
-0.4616297799269391
-0.4616297799269391
-0.4616297799269391
-0.4616297799269391
-0.4616297799269391
-0.4616297799269391
-0.4616297799269391
-0.4616297799269391
-0.4616297799269391
-0.4616297799269391
-0.4616297799269391
-0.4616297799269391
-0.4616297799269391
-0.4616297799269391
-0.4616297799269391
-0.4616297799269391
-0.4616297799269391
-0.4616297799269391
-0.4616297799269391
-0.4616297799269391
-0.4616297799269391
-0.4616297799269391
-0.4616297799269391
-0.4616297799269391
-0.4616297799269391
-0.4616297799269391
-0.4616297799269391
-0.4616297799269391
-0.4616297799269391
-0.4616297799269391
-0.4616297799269391
-0.4616297799269391
-0.4616297799269391
-0.4616297799269391
-0.4616297799269391
-0.4616297799269391
-0.4616297799269391
-0.4616297799269391
-0.4616297799269391
-0.4616297799269391
-0.4616297799269391
-0.4616297799269391
-0.4616297799269391
-0.4616297799269391
-0.4616297799269391
-0.4616297799269391
-0.4616297799269391
-0.4616297799269391
-0.4616297799269391
-0.4616297799269391
-0.4616297799269391
-0.4616297799269391
-0.4616297799269391
-0.4616297799269391
-0.4616297799269391
-0.4616297799269391
-0.4616297799269391
-0.4616297799269391
-0.4616297799269391
-0.4616297799269391
-0.4616297799269391
-0.4616297799269391
-0.4616297799269391
-0.4616297799269391
-0.4616297799269391
-0.4616297799269391
-0.4616297799269391
-0.4616297799269391
-0.4616297799269391
-0.4616297799269391
-0.4616297799269391
-0.4616297799269391
-0.4616297799269391
-0.4616297799269391
-0.4616297799269391
-0.4616297799269391
-0.4616297799269391
-0.4616297799269391
-0.4616297799269391
-0.4616297799269391
-0.4616297799269391
-0.4616297799269391
-0.4616297799269391
-0.4616297799269391
-0.4616297799269391
-0.4616297799269391
-0.4616297799269391
